

Started GET "/" for 127.0.0.1 at 2014-02-22 12:16:42 -0800

ActiveRecord::PendingMigrationError (Migrations are pending; run 'bin/rake db:migrate RAILS_ENV=development' to resolve this issue.):
  activerecord (4.0.2) lib/active_record/migration.rb:379:in `check_pending!'
  activerecord (4.0.2) lib/active_record/migration.rb:366:in `call'
  actionpack (4.0.2) lib/action_dispatch/middleware/callbacks.rb:29:in `block in call'
  activesupport (4.0.2) lib/active_support/callbacks.rb:373:in `_run__1014030307669525752__call__callbacks'
  activesupport (4.0.2) lib/active_support/callbacks.rb:80:in `run_callbacks'
  actionpack (4.0.2) lib/action_dispatch/middleware/callbacks.rb:27:in `call'
  actionpack (4.0.2) lib/action_dispatch/middleware/reloader.rb:64:in `call'
  actionpack (4.0.2) lib/action_dispatch/middleware/remote_ip.rb:76:in `call'
  actionpack (4.0.2) lib/action_dispatch/middleware/debug_exceptions.rb:17:in `call'
  actionpack (4.0.2) lib/action_dispatch/middleware/show_exceptions.rb:30:in `call'
  railties (4.0.2) lib/rails/rack/logger.rb:38:in `call_app'
  railties (4.0.2) lib/rails/rack/logger.rb:20:in `block in call'
  activesupport (4.0.2) lib/active_support/tagged_logging.rb:67:in `block in tagged'
  activesupport (4.0.2) lib/active_support/tagged_logging.rb:25:in `tagged'
  activesupport (4.0.2) lib/active_support/tagged_logging.rb:67:in `tagged'
  railties (4.0.2) lib/rails/rack/logger.rb:20:in `call'
  actionpack (4.0.2) lib/action_dispatch/middleware/request_id.rb:21:in `call'
  rack (1.5.2) lib/rack/methodoverride.rb:21:in `call'
  rack (1.5.2) lib/rack/runtime.rb:17:in `call'
  activesupport (4.0.2) lib/active_support/cache/strategy/local_cache.rb:83:in `call'
  rack (1.5.2) lib/rack/lock.rb:17:in `call'
  actionpack (4.0.2) lib/action_dispatch/middleware/static.rb:64:in `call'
  rack (1.5.2) lib/rack/sendfile.rb:112:in `call'
  railties (4.0.2) lib/rails/engine.rb:511:in `call'
  railties (4.0.2) lib/rails/application.rb:97:in `call'
  rack (1.5.2) lib/rack/lock.rb:17:in `call'
  rack (1.5.2) lib/rack/content_length.rb:14:in `call'
  rack (1.5.2) lib/rack/handler/webrick.rb:60:in `service'
  /home/mkvisakan/.rvm/rubies/ruby-2.0.0-p353/lib/ruby/2.0.0/webrick/httpserver.rb:138:in `service'
  /home/mkvisakan/.rvm/rubies/ruby-2.0.0-p353/lib/ruby/2.0.0/webrick/httpserver.rb:94:in `run'
  /home/mkvisakan/.rvm/rubies/ruby-2.0.0-p353/lib/ruby/2.0.0/webrick/server.rb:295:in `block in start_thread'


  Rendered /home/mkvisakan/.rvm/gems/ruby-2.0.0-p353@railstutorial_rails_4_0/gems/actionpack-4.0.2/lib/action_dispatch/middleware/templates/rescues/_source.erb (2.3ms)
  Rendered /home/mkvisakan/.rvm/gems/ruby-2.0.0-p353@railstutorial_rails_4_0/gems/actionpack-4.0.2/lib/action_dispatch/middleware/templates/rescues/_trace.erb (12.6ms)
  Rendered /home/mkvisakan/.rvm/gems/ruby-2.0.0-p353@railstutorial_rails_4_0/gems/actionpack-4.0.2/lib/action_dispatch/middleware/templates/rescues/_request_and_response.erb (2.1ms)
  Rendered /home/mkvisakan/.rvm/gems/ruby-2.0.0-p353@railstutorial_rails_4_0/gems/actionpack-4.0.2/lib/action_dispatch/middleware/templates/rescues/diagnostics.erb within rescues/layout (105.8ms)
  [1m[36m (53.1ms)[0m  [1mCREATE TABLE "schema_migrations" ("version" varchar(255) NOT NULL) [0m
  [1m[35m (11.1ms)[0m  CREATE UNIQUE INDEX "unique_schema_migrations" ON "schema_migrations" ("version")
  [1m[36mActiveRecord::SchemaMigration Load (0.5ms)[0m  [1mSELECT "schema_migrations".* FROM "schema_migrations"[0m
Migrating to CreateUsers (20140221220549)
  [1m[35m (0.3ms)[0m  begin transaction
  [1m[36m (1.1ms)[0m  [1mCREATE TABLE "users" ("id" INTEGER PRIMARY KEY AUTOINCREMENT NOT NULL, "name" varchar(255), "email" varchar(255), "password_digest" varchar(255), "created_at" datetime, "updated_at" datetime) [0m
  [1m[35mSQL (0.5ms)[0m  INSERT INTO "schema_migrations" ("version") VALUES (?)  [["version", "20140221220549"]]
  [1m[36m (12.0ms)[0m  [1mcommit transaction[0m
Migrating to AddPhoneNoToUsers (20140221220816)
  [1m[35m (0.3ms)[0m  begin transaction
  [1m[36m (0.6ms)[0m  [1mALTER TABLE "users" ADD "phone_no" varchar(255)[0m
  [1m[35mSQL (5.5ms)[0m  INSERT INTO "schema_migrations" ("version") VALUES (?)  [["version", "20140221220816"]]
  [1m[36m (14.1ms)[0m  [1mcommit transaction[0m
Migrating to AddRememberTokenToUsers (20140221221200)
  [1m[35m (0.1ms)[0m  begin transaction
  [1m[36m (0.4ms)[0m  [1mALTER TABLE "users" ADD "remember_token" varchar(255)[0m
  [1m[35m (0.2ms)[0m  CREATE INDEX "index_users_on_remember_token" ON "users" ("remember_token")
  [1m[36mSQL (0.2ms)[0m  [1mINSERT INTO "schema_migrations" ("version") VALUES (?)[0m  [["version", "20140221221200"]]
  [1m[35m (17.8ms)[0m  commit transaction
Migrating to AddCurrentBalanceToUsers (20140221232038)
  [1m[36m (0.1ms)[0m  [1mbegin transaction[0m
  [1m[35m (0.5ms)[0m  ALTER TABLE "users" ADD "current_balance" integer DEFAULT 0
  [1m[36mSQL (0.2ms)[0m  [1mINSERT INTO "schema_migrations" ("version") VALUES (?)[0m  [["version", "20140221232038"]]
  [1m[35m (6.8ms)[0m  commit transaction
  [1m[36mActiveRecord::SchemaMigration Load (0.1ms)[0m  [1mSELECT "schema_migrations".* FROM "schema_migrations"[0m


Started GET "/" for 127.0.0.1 at 2014-02-22 12:17:21 -0800
  [1m[36mActiveRecord::SchemaMigration Load (0.2ms)[0m  [1mSELECT "schema_migrations".* FROM "schema_migrations"[0m
Processing by WelcomeController#index as HTML
  Rendered welcome/index.html.erb within layouts/application (96.2ms)
Completed 200 OK in 134ms (Views: 105.0ms | ActiveRecord: 0.0ms)


Started GET "/signup" for 127.0.0.1 at 2014-02-22 12:17:24 -0800
Processing by AccountController#signup as HTML
  Rendered account/signup.html.erb within layouts/application (15.6ms)
Completed 200 OK in 89ms (Views: 17.7ms | ActiveRecord: 0.4ms)


Started POST "/signup" for 127.0.0.1 at 2014-02-22 12:17:43 -0800
Processing by AccountController#create as HTML
  Parameters: {"utf8"=>"✓", "authenticity_token"=>"yn9iEzKe24fzY94XFjgO8r4I3G2Fo+IuwOjla5aiEzw=", "user"=>{"name"=>"kumaresh", "email"=>"xyz@xyz.com", "phone_no"=>"6085569379", "password"=>"[FILTERED]", "password_confirmation"=>"[FILTERED]"}, "commit"=>"Create my account"}
  [1m[35m (0.3ms)[0m  begin transaction
  [1m[36mUser Exists (0.2ms)[0m  [1mSELECT 1 AS one FROM "users" WHERE LOWER("users"."email") = LOWER('xyz@xyz.com') LIMIT 1[0m
Binary data inserted for `string` type on column `password_digest`
  [1m[35mSQL (14.3ms)[0m  INSERT INTO "users" ("created_at", "email", "name", "password_digest", "phone_no", "remember_token", "updated_at") VALUES (?, ?, ?, ?, ?, ?, ?)  [["created_at", Sat, 22 Feb 2014 20:17:43 UTC +00:00], ["email", "xyz@xyz.com"], ["name", "kumaresh"], ["password_digest", "$2a$10$bnfjaMykLuaBFmsl7FGY2uwTZ41BYt/gMM.WUkAaj6J2jfTFbBVDy"], ["phone_no", "6085569379"], ["remember_token", "59AvDrXE3BJ9hE_fxZpCmg"], ["updated_at", Sat, 22 Feb 2014 20:17:43 UTC +00:00]]
  [1m[36m (18.9ms)[0m  [1mcommit transaction[0m
Redirected to http://localhost:3000/account/1
Completed 302 Found in 208ms (ActiveRecord: 33.7ms)


Started GET "/account/1" for 127.0.0.1 at 2014-02-22 12:17:43 -0800
Processing by AccountController#index as HTML
  Parameters: {"id"=>"1"}
  [1m[35mUser Load (12.8ms)[0m  SELECT "users".* FROM "users" WHERE "users"."id" = ? LIMIT 1  [["id", "1"]]
  Rendered account/index.html.erb within layouts/application (12.6ms)
Completed 200 OK in 37ms (Views: 17.7ms | ActiveRecord: 12.8ms)


Started POST "/charges" for 127.0.0.1 at 2014-02-22 12:18:09 -0800
Processing by ChargesController#create as HTML
  Parameters: {"utf8"=>"✓", "authenticity_token"=>"yn9iEzKe24fzY94XFjgO8r4I3G2Fo+IuwOjla5aiEzw=", "stripeToken"=>"tok_103Xrx2qKxEo150rmd1Tijr1", "stripeEmail"=>"xyx@xyz.com"}
  Rendered charges/create.html.erb within layouts/charges (0.7ms)
Completed 200 OK in 2806ms (Views: 95.0ms | ActiveRecord: 0.0ms)


Started GET "/account/1" for 127.0.0.1 at 2014-02-22 12:21:14 -0800
  [1m[36mActiveRecord::SchemaMigration Load (0.1ms)[0m  [1mSELECT "schema_migrations".* FROM "schema_migrations"[0m
Processing by AccountController#index as HTML
  Parameters: {"id"=>"1"}
  [1m[35mUser Load (0.3ms)[0m  SELECT "users".* FROM "users" WHERE "users"."id" = ? LIMIT 1  [["id", "1"]]
  Rendered account/index.html.erb within layouts/application (2.1ms)
Completed 200 OK in 68ms (Views: 12.1ms | ActiveRecord: 0.7ms)


Started POST "/charges" for 127.0.0.1 at 2014-02-22 12:21:33 -0800
Processing by ChargesController#create as HTML
  Parameters: {"utf8"=>"✓", "authenticity_token"=>"yn9iEzKe24fzY94XFjgO8r4I3G2Fo+IuwOjla5aiEzw=", "stripeToken"=>"tok_103Xs12qKxEo150rIFiZILeu", "stripeEmail"=>"xyx@xyz.com"}
  Rendered charges/create.html.erb within layouts/charges (0.6ms)
Completed 200 OK in 2228ms (Views: 3.4ms | ActiveRecord: 0.0ms)


Started GET "/account/1" for 127.0.0.1 at 2014-02-22 12:23:35 -0800
Processing by AccountController#index as HTML
  Parameters: {"id"=>"1"}
  [1m[36mUser Load (0.2ms)[0m  [1mSELECT "users".* FROM "users" WHERE "users"."id" = ? LIMIT 1[0m  [["id", "1"]]
  Rendered account/index.html.erb within layouts/application (0.9ms)
Completed 200 OK in 40ms (Views: 10.3ms | ActiveRecord: 0.8ms)


Started POST "/charges" for 127.0.0.1 at 2014-02-22 12:23:55 -0800
Processing by ChargesController#create as HTML
  Parameters: {"utf8"=>"✓", "authenticity_token"=>"yn9iEzKe24fzY94XFjgO8r4I3G2Fo+IuwOjla5aiEzw=", "stripeToken"=>"tok_103Xs32qKxEo150rmYBwnDMf", "stripeEmail"=>"xyx@xyz.com"}
  Rendered charges/create.html.erb within layouts/charges (0.1ms)
Completed 200 OK in 2307ms (Views: 8.3ms | ActiveRecord: 0.0ms)


Started GET "/account/1" for 127.0.0.1 at 2014-02-22 12:25:38 -0800
  [1m[36mActiveRecord::SchemaMigration Load (0.2ms)[0m  [1mSELECT "schema_migrations".* FROM "schema_migrations"[0m
Processing by AccountController#index as HTML
  Parameters: {"id"=>"1"}
  [1m[35mUser Load (0.3ms)[0m  SELECT "users".* FROM "users" WHERE "users"."id" = ? LIMIT 1  [["id", "1"]]
  Rendered account/index.html.erb within layouts/application (2.1ms)
Completed 200 OK in 69ms (Views: 11.7ms | ActiveRecord: 0.8ms)


Started POST "/charges" for 127.0.0.1 at 2014-02-22 12:26:12 -0800
Processing by ChargesController#create as HTML
  Parameters: {"utf8"=>"✓", "authenticity_token"=>"yn9iEzKe24fzY94XFjgO8r4I3G2Fo+IuwOjla5aiEzw=", "stripeToken"=>"tok_103Xs52qKxEo150rpIkaSfwQ", "stripeEmail"=>"xyx@xyz.com"}
  Rendered charges/create.html.erb within layouts/charges (1.5ms)
Completed 200 OK in 3648ms (Views: 16.7ms | ActiveRecord: 0.0ms)


Started GET "/account/1" for 127.0.0.1 at 2014-02-22 12:26:39 -0800
  [1m[36mActiveRecord::SchemaMigration Load (0.1ms)[0m  [1mSELECT "schema_migrations".* FROM "schema_migrations"[0m
Processing by AccountController#index as HTML
  Parameters: {"id"=>"1"}
  [1m[35mUser Load (0.2ms)[0m  SELECT "users".* FROM "users" WHERE "users"."id" = ? LIMIT 1  [["id", "1"]]
  Rendered account/index.html.erb within layouts/application (3.6ms)
Completed 200 OK in 112ms (Views: 25.2ms | ActiveRecord: 0.8ms)


Started POST "/charges" for 127.0.0.1 at 2014-02-22 12:26:58 -0800
Processing by ChargesController#create as HTML
  Parameters: {"utf8"=>"✓", "authenticity_token"=>"yn9iEzKe24fzY94XFjgO8r4I3G2Fo+IuwOjla5aiEzw=", "stripeToken"=>"tok_103Xs62qKxEo150rkgmFq7Nk", "stripeEmail"=>"xyx@xyz.com"}
  Rendered charges/create.html.erb within layouts/charges (1.8ms)
Completed 200 OK in 3546ms (Views: 15.7ms | ActiveRecord: 0.0ms)


Started GET "/account/1" for 127.0.0.1 at 2014-02-22 12:29:16 -0800
  [1m[36mActiveRecord::SchemaMigration Load (0.1ms)[0m  [1mSELECT "schema_migrations".* FROM "schema_migrations"[0m
Processing by AccountController#index as HTML
  Parameters: {"id"=>"1"}
  [1m[35mUser Load (0.3ms)[0m  SELECT "users".* FROM "users" WHERE "users"."id" = ? LIMIT 1  [["id", "1"]]
  Rendered account/index.html.erb within layouts/application (2.2ms)
Completed 200 OK in 123ms (Views: 20.8ms | ActiveRecord: 0.8ms)


Started POST "/charges" for 127.0.0.1 at 2014-02-22 12:29:46 -0800
Processing by ChargesController#create as HTML
  Parameters: {"utf8"=>"✓", "authenticity_token"=>"yn9iEzKe24fzY94XFjgO8r4I3G2Fo+IuwOjla5aiEzw=", "stripeToken"=>"tok_103Xs92qKxEo150rOc5tagaP", "stripeEmail"=>"xyx@xyz.com"}
Completed 500 Internal Server Error in 2096ms

NameError (undefined local variable or method `account_path' for #<ChargesController:0x00000003e6db80>):
  app/controllers/charges_controller.rb:22:in `create'


  Rendered /home/mkvisakan/.rvm/gems/ruby-2.0.0-p353@railstutorial_rails_4_0/gems/actionpack-4.0.2/lib/action_dispatch/middleware/templates/rescues/_source.erb (1.1ms)
  Rendered /home/mkvisakan/.rvm/gems/ruby-2.0.0-p353@railstutorial_rails_4_0/gems/actionpack-4.0.2/lib/action_dispatch/middleware/templates/rescues/_trace.erb (7.1ms)
  Rendered /home/mkvisakan/.rvm/gems/ruby-2.0.0-p353@railstutorial_rails_4_0/gems/actionpack-4.0.2/lib/action_dispatch/middleware/templates/rescues/_request_and_response.erb (1.4ms)
  Rendered /home/mkvisakan/.rvm/gems/ruby-2.0.0-p353@railstutorial_rails_4_0/gems/actionpack-4.0.2/lib/action_dispatch/middleware/templates/rescues/diagnostics.erb within rescues/layout (36.7ms)


Started GET "/account/1" for 127.0.0.1 at 2014-02-22 12:30:25 -0800
Processing by AccountController#index as HTML
  Parameters: {"id"=>"1"}
  [1m[36mUser Load (0.2ms)[0m  [1mSELECT "users".* FROM "users" WHERE "users"."id" = ? LIMIT 1[0m  [["id", "1"]]
  Rendered account/index.html.erb within layouts/application (0.9ms)
Completed 200 OK in 38ms (Views: 3.3ms | ActiveRecord: 0.9ms)


Started POST "/charges" for 127.0.0.1 at 2014-02-22 12:30:43 -0800
Processing by ChargesController#create as HTML
  Parameters: {"utf8"=>"✓", "authenticity_token"=>"yn9iEzKe24fzY94XFjgO8r4I3G2Fo+IuwOjla5aiEzw=", "stripeToken"=>"tok_103XsA2qKxEo150rltQNVrpr", "stripeEmail"=>"asfdas@ssafdsa.com"}
  Rendered charges/create.html.erb within layouts/charges (1.8ms)
Completed 200 OK in 2720ms (Views: 24.6ms | ActiveRecord: 0.0ms)


Started GET "/account/1" for 127.0.0.1 at 2014-02-22 12:31:19 -0800
Processing by AccountController#index as HTML
  Parameters: {"id"=>"1"}
  [1m[35mUser Load (0.3ms)[0m  SELECT "users".* FROM "users" WHERE "users"."id" = ? LIMIT 1  [["id", "1"]]
  Rendered account/index.html.erb within layouts/application (0.6ms)
Completed 200 OK in 53ms (Views: 10.9ms | ActiveRecord: 0.9ms)


Started POST "/charges" for 127.0.0.1 at 2014-02-22 12:31:41 -0800
Processing by ChargesController#create as HTML
  Parameters: {"utf8"=>"✓", "authenticity_token"=>"yn9iEzKe24fzY94XFjgO8r4I3G2Fo+IuwOjla5aiEzw=", "stripeToken"=>"tok_103XsB2qKxEo150r8lqruI27", "stripeEmail"=>"xyx@xyz.com"}
Completed 500 Internal Server Error in 2289ms

NameError (undefined local variable or method `accounts_path' for #<ChargesController:0x00000003b169c8>):
  app/controllers/charges_controller.rb:22:in `create'


  Rendered /home/mkvisakan/.rvm/gems/ruby-2.0.0-p353@railstutorial_rails_4_0/gems/actionpack-4.0.2/lib/action_dispatch/middleware/templates/rescues/_source.erb (0.9ms)
  Rendered /home/mkvisakan/.rvm/gems/ruby-2.0.0-p353@railstutorial_rails_4_0/gems/actionpack-4.0.2/lib/action_dispatch/middleware/templates/rescues/_trace.erb (1.8ms)
  Rendered /home/mkvisakan/.rvm/gems/ruby-2.0.0-p353@railstutorial_rails_4_0/gems/actionpack-4.0.2/lib/action_dispatch/middleware/templates/rescues/_request_and_response.erb (2.4ms)
  Rendered /home/mkvisakan/.rvm/gems/ruby-2.0.0-p353@railstutorial_rails_4_0/gems/actionpack-4.0.2/lib/action_dispatch/middleware/templates/rescues/diagnostics.erb within rescues/layout (48.4ms)


Started POST "/charges" for 127.0.0.1 at 2014-02-22 12:32:02 -0800
Processing by ChargesController#create as HTML
  Parameters: {"utf8"=>"✓", "authenticity_token"=>"yn9iEzKe24fzY94XFjgO8r4I3G2Fo+IuwOjla5aiEzw=", "stripeToken"=>"tok_103XsB2qKxEo150r8lqruI27", "stripeEmail"=>"xyx@xyz.com"}
Completed 500 Internal Server Error in 1209ms

Stripe::InvalidRequestError (You cannot use a Stripe token more than once: tok_103XsB2qKxEo150r8lqruI27):
  app/controllers/charges_controller.rb:10:in `create'


  Rendered /home/mkvisakan/.rvm/gems/ruby-2.0.0-p353@railstutorial_rails_4_0/gems/actionpack-4.0.2/lib/action_dispatch/middleware/templates/rescues/_source.erb (53.2ms)
  Rendered /home/mkvisakan/.rvm/gems/ruby-2.0.0-p353@railstutorial_rails_4_0/gems/actionpack-4.0.2/lib/action_dispatch/middleware/templates/rescues/_trace.erb (1.3ms)
  Rendered /home/mkvisakan/.rvm/gems/ruby-2.0.0-p353@railstutorial_rails_4_0/gems/actionpack-4.0.2/lib/action_dispatch/middleware/templates/rescues/_request_and_response.erb (3.8ms)
  Rendered /home/mkvisakan/.rvm/gems/ruby-2.0.0-p353@railstutorial_rails_4_0/gems/actionpack-4.0.2/lib/action_dispatch/middleware/templates/rescues/diagnostics.erb within rescues/layout (75.5ms)


Started GET "/account/1" for 127.0.0.1 at 2014-02-22 12:32:16 -0800
Processing by AccountController#index as HTML
  Parameters: {"id"=>"1"}
  [1m[36mUser Load (4.2ms)[0m  [1mSELECT "users".* FROM "users" WHERE "users"."id" = ? LIMIT 1[0m  [["id", "1"]]
  Rendered account/index.html.erb within layouts/application (0.6ms)
Completed 200 OK in 23ms (Views: 2.5ms | ActiveRecord: 4.8ms)


Started POST "/charges" for 127.0.0.1 at 2014-02-22 12:32:32 -0800
Processing by ChargesController#create as HTML
  Parameters: {"utf8"=>"✓", "authenticity_token"=>"yn9iEzKe24fzY94XFjgO8r4I3G2Fo+IuwOjla5aiEzw=", "stripeToken"=>"tok_103XsC2qKxEo150rCNG2hs51", "stripeEmail"=>"xyx@xyz.com"}
Completed 500 Internal Server Error in 2313ms

NameError (undefined local variable or method `index' for #<ChargesController:0x00000003a8c098>):
  app/controllers/charges_controller.rb:22:in `create'


  Rendered /home/mkvisakan/.rvm/gems/ruby-2.0.0-p353@railstutorial_rails_4_0/gems/actionpack-4.0.2/lib/action_dispatch/middleware/templates/rescues/_source.erb (1.2ms)
  Rendered /home/mkvisakan/.rvm/gems/ruby-2.0.0-p353@railstutorial_rails_4_0/gems/actionpack-4.0.2/lib/action_dispatch/middleware/templates/rescues/_trace.erb (2.3ms)
  Rendered /home/mkvisakan/.rvm/gems/ruby-2.0.0-p353@railstutorial_rails_4_0/gems/actionpack-4.0.2/lib/action_dispatch/middleware/templates/rescues/_request_and_response.erb (1.3ms)
  Rendered /home/mkvisakan/.rvm/gems/ruby-2.0.0-p353@railstutorial_rails_4_0/gems/actionpack-4.0.2/lib/action_dispatch/middleware/templates/rescues/diagnostics.erb within rescues/layout (30.6ms)


Started GET "/account/1" for 127.0.0.1 at 2014-02-22 12:35:08 -0800
  [1m[36mActiveRecord::SchemaMigration Load (0.1ms)[0m  [1mSELECT "schema_migrations".* FROM "schema_migrations"[0m
Processing by AccountController#index as HTML
  Parameters: {"id"=>"1"}
  [1m[35mUser Load (0.3ms)[0m  SELECT "users".* FROM "users" WHERE "users"."id" = ? LIMIT 1  [["id", "1"]]
  Rendered account/index.html.erb within layouts/application (2.9ms)
Completed 200 OK in 77ms (Views: 14.8ms | ActiveRecord: 1.2ms)


Started POST "/account/1" for 127.0.0.1 at 2014-02-22 12:35:24 -0800

ActionController::RoutingError (No route matches [POST] "/account/1"):
  actionpack (4.0.2) lib/action_dispatch/middleware/debug_exceptions.rb:21:in `call'
  actionpack (4.0.2) lib/action_dispatch/middleware/show_exceptions.rb:30:in `call'
  railties (4.0.2) lib/rails/rack/logger.rb:38:in `call_app'
  railties (4.0.2) lib/rails/rack/logger.rb:20:in `block in call'
  activesupport (4.0.2) lib/active_support/tagged_logging.rb:67:in `block in tagged'
  activesupport (4.0.2) lib/active_support/tagged_logging.rb:25:in `tagged'
  activesupport (4.0.2) lib/active_support/tagged_logging.rb:67:in `tagged'
  railties (4.0.2) lib/rails/rack/logger.rb:20:in `call'
  actionpack (4.0.2) lib/action_dispatch/middleware/request_id.rb:21:in `call'
  rack (1.5.2) lib/rack/methodoverride.rb:21:in `call'
  rack (1.5.2) lib/rack/runtime.rb:17:in `call'
  activesupport (4.0.2) lib/active_support/cache/strategy/local_cache.rb:83:in `call'
  rack (1.5.2) lib/rack/lock.rb:17:in `call'
  actionpack (4.0.2) lib/action_dispatch/middleware/static.rb:64:in `call'
  rack (1.5.2) lib/rack/sendfile.rb:112:in `call'
  railties (4.0.2) lib/rails/engine.rb:511:in `call'
  railties (4.0.2) lib/rails/application.rb:97:in `call'
  rack (1.5.2) lib/rack/lock.rb:17:in `call'
  rack (1.5.2) lib/rack/content_length.rb:14:in `call'
  rack (1.5.2) lib/rack/handler/webrick.rb:60:in `service'
  /home/mkvisakan/.rvm/rubies/ruby-2.0.0-p353/lib/ruby/2.0.0/webrick/httpserver.rb:138:in `service'
  /home/mkvisakan/.rvm/rubies/ruby-2.0.0-p353/lib/ruby/2.0.0/webrick/httpserver.rb:94:in `run'
  /home/mkvisakan/.rvm/rubies/ruby-2.0.0-p353/lib/ruby/2.0.0/webrick/server.rb:295:in `block in start_thread'


  Rendered /home/mkvisakan/.rvm/gems/ruby-2.0.0-p353@railstutorial_rails_4_0/gems/actionpack-4.0.2/lib/action_dispatch/middleware/templates/rescues/_trace.erb (3.7ms)
  Rendered /home/mkvisakan/.rvm/gems/ruby-2.0.0-p353@railstutorial_rails_4_0/gems/actionpack-4.0.2/lib/action_dispatch/middleware/templates/routes/_route.html.erb (2.0ms)
  Rendered /home/mkvisakan/.rvm/gems/ruby-2.0.0-p353@railstutorial_rails_4_0/gems/actionpack-4.0.2/lib/action_dispatch/middleware/templates/routes/_table.html.erb (14.9ms)
  Rendered /home/mkvisakan/.rvm/gems/ruby-2.0.0-p353@railstutorial_rails_4_0/gems/actionpack-4.0.2/lib/action_dispatch/middleware/templates/rescues/routing_error.erb within rescues/layout (177.8ms)


Started GET "/account/1" for 127.0.0.1 at 2014-02-22 12:36:00 -0800
Processing by AccountController#index as HTML
  Parameters: {"id"=>"1"}
  [1m[36mUser Load (0.2ms)[0m  [1mSELECT "users".* FROM "users" WHERE "users"."id" = ? LIMIT 1[0m  [["id", "1"]]
  Rendered account/index.html.erb within layouts/application (0.9ms)
Completed 200 OK in 15ms (Views: 12.4ms | ActiveRecord: 0.2ms)


Started GET "/account/1" for 127.0.0.1 at 2014-02-22 12:36:23 -0800
  [1m[36mActiveRecord::SchemaMigration Load (0.1ms)[0m  [1mSELECT "schema_migrations".* FROM "schema_migrations"[0m
Processing by AccountController#index as HTML
  Parameters: {"id"=>"1"}
  [1m[35mUser Load (0.3ms)[0m  SELECT "users".* FROM "users" WHERE "users"."id" = ? LIMIT 1  [["id", "1"]]
  Rendered account/index.html.erb within layouts/application (2.2ms)
Completed 200 OK in 69ms (Views: 12.1ms | ActiveRecord: 0.7ms)


Started POST "/charges" for 127.0.0.1 at 2014-02-22 12:36:45 -0800
Processing by ChargesController#create as HTML
  Parameters: {"utf8"=>"✓", "authenticity_token"=>"yn9iEzKe24fzY94XFjgO8r4I3G2Fo+IuwOjla5aiEzw=", "stripeToken"=>"tok_103XsG2qKxEo150rhZXjkSYy", "stripeEmail"=>"xyx@xyz.com"}
  Rendered charges/create.html.erb within layouts/charges (4.0ms)
Completed 200 OK in 4403ms (Views: 21.0ms | ActiveRecord: 0.0ms)
  [1m[36mUser Load (1.8ms)[0m  [1mSELECT "users".* FROM "users"[0m
  [1m[35mUser Load (0.3ms)[0m  SELECT "users".* FROM "users" WHERE "users"."phone_no" = '6085569379' LIMIT 1


Started POST "/sms" for 127.0.0.1 at 2014-02-22 12:45:18 -0800
  [1m[36mActiveRecord::SchemaMigration Load (0.1ms)[0m  [1mSELECT "schema_migrations".* FROM "schema_migrations"[0m

SyntaxError (/home/mkvisakan/stripe_app/app/controllers/receive_text_controller.rb:13: syntax error, unexpected ':', expecting keyword_then or ';' or '\n'
/home/mkvisakan/stripe_app/app/controllers/receive_text_controller.rb:159: syntax error, unexpected keyword_end, expecting end-of-input):
  activesupport (4.0.2) lib/active_support/dependencies.rb:424:in `load'
  activesupport (4.0.2) lib/active_support/dependencies.rb:424:in `block in load_file'
  activesupport (4.0.2) lib/active_support/dependencies.rb:616:in `new_constants_in'
  activesupport (4.0.2) lib/active_support/dependencies.rb:423:in `load_file'
  activesupport (4.0.2) lib/active_support/dependencies.rb:324:in `require_or_load'
  activesupport (4.0.2) lib/active_support/dependencies.rb:463:in `load_missing_constant'
  activesupport (4.0.2) lib/active_support/dependencies.rb:184:in `const_missing'
  activesupport (4.0.2) lib/active_support/inflector/methods.rb:226:in `const_get'
  activesupport (4.0.2) lib/active_support/inflector/methods.rb:226:in `block in constantize'
  activesupport (4.0.2) lib/active_support/inflector/methods.rb:224:in `each'
  activesupport (4.0.2) lib/active_support/inflector/methods.rb:224:in `inject'
  activesupport (4.0.2) lib/active_support/inflector/methods.rb:224:in `constantize'
  activesupport (4.0.2) lib/active_support/dependencies.rb:535:in `get'
  activesupport (4.0.2) lib/active_support/dependencies.rb:566:in `constantize'
  actionpack (4.0.2) lib/action_dispatch/routing/route_set.rb:76:in `controller_reference'
  actionpack (4.0.2) lib/action_dispatch/routing/route_set.rb:66:in `controller'
  actionpack (4.0.2) lib/action_dispatch/routing/route_set.rb:44:in `call'
  actionpack (4.0.2) lib/action_dispatch/journey/router.rb:71:in `block in call'
  actionpack (4.0.2) lib/action_dispatch/journey/router.rb:59:in `each'
  actionpack (4.0.2) lib/action_dispatch/journey/router.rb:59:in `call'
  actionpack (4.0.2) lib/action_dispatch/routing/route_set.rb:680:in `call'
  rack (1.5.2) lib/rack/etag.rb:23:in `call'
  rack (1.5.2) lib/rack/conditionalget.rb:35:in `call'
  rack (1.5.2) lib/rack/head.rb:11:in `call'
  actionpack (4.0.2) lib/action_dispatch/middleware/params_parser.rb:27:in `call'
  actionpack (4.0.2) lib/action_dispatch/middleware/flash.rb:241:in `call'
  rack (1.5.2) lib/rack/session/abstract/id.rb:225:in `context'
  rack (1.5.2) lib/rack/session/abstract/id.rb:220:in `call'
  actionpack (4.0.2) lib/action_dispatch/middleware/cookies.rb:486:in `call'
  activerecord (4.0.2) lib/active_record/query_cache.rb:36:in `call'
  activerecord (4.0.2) lib/active_record/connection_adapters/abstract/connection_pool.rb:626:in `call'
  activerecord (4.0.2) lib/active_record/migration.rb:369:in `call'
  actionpack (4.0.2) lib/action_dispatch/middleware/callbacks.rb:29:in `block in call'
  activesupport (4.0.2) lib/active_support/callbacks.rb:373:in `_run__2601010348489456237__call__callbacks'
  activesupport (4.0.2) lib/active_support/callbacks.rb:80:in `run_callbacks'
  actionpack (4.0.2) lib/action_dispatch/middleware/callbacks.rb:27:in `call'
  actionpack (4.0.2) lib/action_dispatch/middleware/reloader.rb:64:in `call'
  actionpack (4.0.2) lib/action_dispatch/middleware/remote_ip.rb:76:in `call'
  actionpack (4.0.2) lib/action_dispatch/middleware/debug_exceptions.rb:17:in `call'
  actionpack (4.0.2) lib/action_dispatch/middleware/show_exceptions.rb:30:in `call'
  railties (4.0.2) lib/rails/rack/logger.rb:38:in `call_app'
  railties (4.0.2) lib/rails/rack/logger.rb:20:in `block in call'
  activesupport (4.0.2) lib/active_support/tagged_logging.rb:67:in `block in tagged'
  activesupport (4.0.2) lib/active_support/tagged_logging.rb:25:in `tagged'
  activesupport (4.0.2) lib/active_support/tagged_logging.rb:67:in `tagged'
  railties (4.0.2) lib/rails/rack/logger.rb:20:in `call'
  actionpack (4.0.2) lib/action_dispatch/middleware/request_id.rb:21:in `call'
  rack (1.5.2) lib/rack/methodoverride.rb:21:in `call'
  rack (1.5.2) lib/rack/runtime.rb:17:in `call'
  activesupport (4.0.2) lib/active_support/cache/strategy/local_cache.rb:83:in `call'
  rack (1.5.2) lib/rack/lock.rb:17:in `call'
  actionpack (4.0.2) lib/action_dispatch/middleware/static.rb:64:in `call'
  rack (1.5.2) lib/rack/sendfile.rb:112:in `call'
  railties (4.0.2) lib/rails/engine.rb:511:in `call'
  railties (4.0.2) lib/rails/application.rb:97:in `call'
  rack (1.5.2) lib/rack/lock.rb:17:in `call'
  rack (1.5.2) lib/rack/content_length.rb:14:in `call'
  rack (1.5.2) lib/rack/handler/webrick.rb:60:in `service'
  /home/mkvisakan/.rvm/rubies/ruby-2.0.0-p353/lib/ruby/2.0.0/webrick/httpserver.rb:138:in `service'
  /home/mkvisakan/.rvm/rubies/ruby-2.0.0-p353/lib/ruby/2.0.0/webrick/httpserver.rb:94:in `run'
  /home/mkvisakan/.rvm/rubies/ruby-2.0.0-p353/lib/ruby/2.0.0/webrick/server.rb:295:in `block in start_thread'


  Rendered /home/mkvisakan/.rvm/gems/ruby-2.0.0-p353@railstutorial_rails_4_0/gems/actionpack-4.0.2/lib/action_dispatch/middleware/templates/rescues/_source.erb (0.9ms)
  Rendered /home/mkvisakan/.rvm/gems/ruby-2.0.0-p353@railstutorial_rails_4_0/gems/actionpack-4.0.2/lib/action_dispatch/middleware/templates/rescues/_trace.erb (1.8ms)
  Rendered /home/mkvisakan/.rvm/gems/ruby-2.0.0-p353@railstutorial_rails_4_0/gems/actionpack-4.0.2/lib/action_dispatch/middleware/templates/rescues/_request_and_response.erb (24.7ms)
  Rendered /home/mkvisakan/.rvm/gems/ruby-2.0.0-p353@railstutorial_rails_4_0/gems/actionpack-4.0.2/lib/action_dispatch/middleware/templates/rescues/diagnostics.erb within rescues/layout (51.6ms)


Started POST "/sms" for 127.0.0.1 at 2014-02-22 12:46:05 -0800
  [1m[36mActiveRecord::SchemaMigration Load (0.1ms)[0m  [1mSELECT "schema_migrations".* FROM "schema_migrations"[0m
Processing by ReceiveTextController#index as HTML
  Parameters: {"AccountSid"=>"AC15a225ec77a2891ead8403d67723d2d0", "MessageSid"=>"SM6e4b073ca30f4290bb7b932ea78b8faf", "Body"=>"STOP:2146 BUS:2", "ToZip"=>"53711", "ToCity"=>"MADISON", "FromState"=>"WI", "ToState"=>"WI", "SmsSid"=>"SM6e4b073ca30f4290bb7b932ea78b8faf", "To"=>"+16082162484", "ToCountry"=>"US", "FromCountry"=>"US", "SmsMessageSid"=>"SM6e4b073ca30f4290bb7b932ea78b8faf", "ApiVersion"=>"2010-04-01", "FromCity"=>"MADISON", "SmsStatus"=>"received", "NumMedia"=>"0", "From"=>"+16085569379", "FromZip"=>"53706"}
  [1m[35mUser Load (0.3ms)[0m  SELECT "users".* FROM "users" WHERE "users"."phone_no" = '6085569379' LIMIT 1
  Rendered text template (0.1ms)
Completed 200 OK in 1151ms (Views: 18.5ms | ActiveRecord: 0.8ms)
  [1m[36mUser Load (1.3ms)[0m  [1mSELECT "users".* FROM "users"[0m
  [1m[35m (0.2ms)[0m  begin transaction
  [1m[36mUser Exists (0.3ms)[0m  [1mSELECT 1 AS one FROM "users" WHERE (LOWER("users"."email") = LOWER('xyz@xyz.com') AND "users"."id" != 1) LIMIT 1[0m
  [1m[35m (0.2ms)[0m  rollback transaction
  [1m[36mUser Load (0.4ms)[0m  [1mSELECT "users".* FROM "users"[0m
  [1m[35m (0.2ms)[0m  begin transaction
  [1m[36mSQL (14.9ms)[0m  [1mUPDATE "users" SET "current_balance" = ?, "remember_token" = ?, "updated_at" = ? WHERE "users"."id" = 1[0m  [["current_balance", 100], ["remember_token", "7Hgu3FfBATY8oX5MDrsJCA"], ["updated_at", Sat, 22 Feb 2014 20:50:01 UTC +00:00]]
  [1m[35m (38.5ms)[0m  commit transaction
  [1m[36mUser Load (0.4ms)[0m  [1mSELECT "users".* FROM "users"[0m


Started POST "/sms" for 127.0.0.1 at 2014-02-22 12:50:43 -0800
Processing by ReceiveTextController#index as HTML
  Parameters: {"AccountSid"=>"AC15a225ec77a2891ead8403d67723d2d0", "MessageSid"=>"SMe4c24cde769a55414b3d4361175858b7", "Body"=>"STOP:2146 BUS:2", "ToZip"=>"53711", "ToCity"=>"MADISON", "FromState"=>"WI", "ToState"=>"WI", "SmsSid"=>"SMe4c24cde769a55414b3d4361175858b7", "To"=>"+16082162484", "ToCountry"=>"US", "FromCountry"=>"US", "SmsMessageSid"=>"SMe4c24cde769a55414b3d4361175858b7", "ApiVersion"=>"2010-04-01", "FromCity"=>"MADISON", "SmsStatus"=>"received", "NumMedia"=>"0", "From"=>"+16085569379", "FromZip"=>"53706"}
  [1m[36mUser Load (0.5ms)[0m  [1mSELECT "users".* FROM "users" WHERE "users"."phone_no" = '6085569379' LIMIT 1[0m
  Rendered text template (0.1ms)
Completed 200 OK in 3164ms (Views: 3.4ms | ActiveRecord: 0.5ms)
  [1m[35mSQL (329.0ms)[0m  DELETE FROM "users" WHERE "users"."id" = 1
  [1m[36mUser Load (0.3ms)[0m  [1mSELECT "users".* FROM "users"[0m


Started POST "/sms" for 127.0.0.1 at 2014-02-22 12:52:22 -0800
Processing by ReceiveTextController#index as HTML
  Parameters: {"AccountSid"=>"AC15a225ec77a2891ead8403d67723d2d0", "MessageSid"=>"SM3a2e5634b6046784e9c8a730b6c2107f", "Body"=>"STOP:2146 BUS:2", "ToZip"=>"53711", "ToCity"=>"MADISON", "FromState"=>"WI", "ToState"=>"WI", "SmsSid"=>"SM3a2e5634b6046784e9c8a730b6c2107f", "To"=>"+16082162484", "ToCountry"=>"US", "FromCountry"=>"US", "SmsMessageSid"=>"SM3a2e5634b6046784e9c8a730b6c2107f", "ApiVersion"=>"2010-04-01", "FromCity"=>"MADISON", "SmsStatus"=>"received", "NumMedia"=>"0", "From"=>"+16085569379", "FromZip"=>"53706"}
  [1m[35mUser Load (0.8ms)[0m  SELECT "users".* FROM "users" WHERE "users"."phone_no" = '6085569379' LIMIT 1
  Rendered text template (0.1ms)
Completed 200 OK in 713ms (Views: 2.5ms | ActiveRecord: 0.8ms)
  [1m[35m (0.3ms)[0m  begin transaction
  [1m[36mUser Exists (0.3ms)[0m  [1mSELECT 1 AS one FROM "users" WHERE LOWER("users"."email") = LOWER('xyz@xyz.com') LIMIT 1[0m
  [1m[35m (0.1ms)[0m  rollback transaction
  [1m[36mUser Load (0.2ms)[0m  [1mSELECT "users".* FROM "users"[0m
  [1m[35m (0.1ms)[0m  begin transaction
  [1m[36mUser Exists (0.2ms)[0m  [1mSELECT 1 AS one FROM "users" WHERE LOWER("users"."email") = LOWER('xyz@xyz.com') LIMIT 1[0m
  [1m[35m (0.1ms)[0m  rollback transaction
  [1m[36mUser Load (0.3ms)[0m  [1mSELECT "users".* FROM "users"[0m
  [1m[35mUser Load (0.3ms)[0m  SELECT "users".* FROM "users"
  [1m[36m (0.2ms)[0m  [1mbegin transaction[0m
  [1m[35mUser Exists (0.2ms)[0m  SELECT 1 AS one FROM "users" WHERE LOWER("users"."email") = LOWER('xyz@xyz.com') LIMIT 1
  [1m[36m (0.1ms)[0m  [1mrollback transaction[0m
  [1m[35mUser Load (0.3ms)[0m  SELECT "users".* FROM "users"
  [1m[36m (0.1ms)[0m  [1mbegin transaction[0m
  [1m[35mUser Exists (0.2ms)[0m  SELECT 1 AS one FROM "users" WHERE LOWER("users"."email") = LOWER('xyz@xyz.com') LIMIT 1
  [1m[36m (0.1ms)[0m  [1mrollback transaction[0m
  [1m[35mUser Load (0.3ms)[0m  SELECT "users".* FROM "users"
  [1m[36m (0.2ms)[0m  [1mbegin transaction[0m
  [1m[35mUser Exists (0.2ms)[0m  SELECT 1 AS one FROM "users" WHERE LOWER("users"."email") = LOWER('xyz@xyz.com') LIMIT 1
Binary data inserted for `string` type on column `password_digest`
  [1m[36mSQL (0.8ms)[0m  [1mINSERT INTO "users" ("created_at", "current_balance", "email", "name", "password_digest", "phone_no", "remember_token", "updated_at") VALUES (?, ?, ?, ?, ?, ?, ?, ?)[0m  [["created_at", Sat, 22 Feb 2014 20:58:56 UTC +00:00], ["current_balance", 100], ["email", "xyz@xyz.com"], ["name", "kumaresh"], ["password_digest", "$2a$10$cHMi5Fynw.eH4aHpnt10HODBpUtDXECqUJYlV4C.QmIHLDHxxJwUy"], ["phone_no", "6085569379"], ["remember_token", "nmWQq2Ky7ITf51kg7eSZeA"], ["updated_at", Sat, 22 Feb 2014 20:58:56 UTC +00:00]]
  [1m[35m (150.2ms)[0m  commit transaction
  [1m[36mUser Load (0.3ms)[0m  [1mSELECT "users".* FROM "users"[0m


Started POST "/sms" for 127.0.0.1 at 2014-02-22 12:59:20 -0800
  [1m[36mActiveRecord::SchemaMigration Load (0.1ms)[0m  [1mSELECT "schema_migrations".* FROM "schema_migrations"[0m
Processing by ReceiveTextController#index as HTML
  Parameters: {"AccountSid"=>"AC15a225ec77a2891ead8403d67723d2d0", "MessageSid"=>"SM756437ff16e515ccd2c222bce150391d", "Body"=>"STOP:2146 BUS:2", "ToZip"=>"53711", "ToCity"=>"MADISON", "FromState"=>"WI", "ToState"=>"WI", "SmsSid"=>"SM756437ff16e515ccd2c222bce150391d", "To"=>"+16082162484", "ToCountry"=>"US", "FromCountry"=>"US", "SmsMessageSid"=>"SM756437ff16e515ccd2c222bce150391d", "ApiVersion"=>"2010-04-01", "FromCity"=>"MADISON", "SmsStatus"=>"received", "NumMedia"=>"0", "From"=>"+16085569379", "FromZip"=>"53706"}
  [1m[35mUser Load (0.2ms)[0m  SELECT "users".* FROM "users" WHERE "users"."phone_no" = '6085569379' LIMIT 1
  [1m[36m (0.1ms)[0m  [1mbegin transaction[0m
  [1m[35mSQL (4.4ms)[0m  UPDATE "users" SET "current_balance" = ?, "remember_token" = ?, "updated_at" = ? WHERE "users"."id" = 2  [["current_balance", 90], ["remember_token", "_aD1S8_DJeTqC70rWX4Duw"], ["updated_at", Sat, 22 Feb 2014 20:59:21 UTC +00:00]]
  [1m[36m (56.1ms)[0m  [1mcommit transaction[0m
  Rendered text template (0.1ms)
Completed 200 OK in 3882ms (Views: 17.8ms | ActiveRecord: 61.3ms)
  [1m[35mUser Load (0.3ms)[0m  SELECT "users".* FROM "users"


Started GET "/account/1" for 127.0.0.1 at 2014-02-22 13:10:15 -0800
  [1m[36mActiveRecord::SchemaMigration Load (0.1ms)[0m  [1mSELECT "schema_migrations".* FROM "schema_migrations"[0m
Processing by AccountController#index as HTML
  Parameters: {"id"=>"1"}
  [1m[35mUser Load (0.3ms)[0m  SELECT "users".* FROM "users" WHERE "users"."id" = ? LIMIT 1  [["id", "1"]]
Completed 404 Not Found in 55ms

ActiveRecord::RecordNotFound (Couldn't find User with id=1):
  app/controllers/account_controller.rb:4:in `index'


  Rendered /home/mkvisakan/.rvm/gems/ruby-2.0.0-p353@railstutorial_rails_4_0/gems/actionpack-4.0.2/lib/action_dispatch/middleware/templates/rescues/_source.erb (1.2ms)
  Rendered /home/mkvisakan/.rvm/gems/ruby-2.0.0-p353@railstutorial_rails_4_0/gems/actionpack-4.0.2/lib/action_dispatch/middleware/templates/rescues/_trace.erb (1.6ms)
  Rendered /home/mkvisakan/.rvm/gems/ruby-2.0.0-p353@railstutorial_rails_4_0/gems/actionpack-4.0.2/lib/action_dispatch/middleware/templates/rescues/_request_and_response.erb (1.5ms)
  Rendered /home/mkvisakan/.rvm/gems/ruby-2.0.0-p353@railstutorial_rails_4_0/gems/actionpack-4.0.2/lib/action_dispatch/middleware/templates/rescues/diagnostics.erb within rescues/layout (35.0ms)
  [1m[36m (0.4ms)[0m  [1mbegin transaction[0m
  [1m[35mUser Exists (0.2ms)[0m  SELECT 1 AS one FROM "users" WHERE LOWER("users"."email") = LOWER('xyz@xyz.com') LIMIT 1
  [1m[36m (0.1ms)[0m  [1mrollback transaction[0m
  [1m[35mUser Load (0.3ms)[0m  SELECT "users".* FROM "users"


Started GET "/account/2" for 127.0.0.1 at 2014-02-22 13:12:45 -0800
Processing by AccountController#index as HTML
  Parameters: {"id"=>"2"}
  [1m[36mUser Load (0.3ms)[0m  [1mSELECT "users".* FROM "users" WHERE "users"."id" = ? LIMIT 1[0m  [["id", "2"]]
  Rendered account/index.html.erb within layouts/application (2.4ms)
Completed 500 Internal Server Error in 61ms

ActionView::Template::Error (undefined method `id' for nil:NilClass):
    4:   		<div class="col-md-4">
    5: 			<h2>Account Details</h2>
    6: 			<p>Your current balance is: $<%= @user.current_balance %></p>
    7: 			<p>Session test <%= session[:user].id %></p>
    8: 			
    9: 			<%= form_tag charges_path do %>
   10: 				<article>
  app/views/account/index.html.erb:7:in `_app_views_account_index_html_erb___1434877583742269830_16277020'


  Rendered /home/mkvisakan/.rvm/gems/ruby-2.0.0-p353@railstutorial_rails_4_0/gems/actionpack-4.0.2/lib/action_dispatch/middleware/templates/rescues/_trace.erb (1.2ms)
  Rendered /home/mkvisakan/.rvm/gems/ruby-2.0.0-p353@railstutorial_rails_4_0/gems/actionpack-4.0.2/lib/action_dispatch/middleware/templates/rescues/_request_and_response.erb (0.9ms)
  Rendered /home/mkvisakan/.rvm/gems/ruby-2.0.0-p353@railstutorial_rails_4_0/gems/actionpack-4.0.2/lib/action_dispatch/middleware/templates/rescues/template_error.erb within rescues/layout (10.3ms)


Started GET "/" for 127.0.0.1 at 2014-02-22 13:12:59 -0800
Processing by WelcomeController#index as HTML
  Rendered welcome/index.html.erb within layouts/application (63.5ms)
Completed 200 OK in 72ms (Views: 66.4ms | ActiveRecord: 0.0ms)


Started GET "/signup" for 127.0.0.1 at 2014-02-22 13:13:03 -0800
Processing by AccountController#signup as HTML
  Rendered account/signup.html.erb within layouts/application (15.8ms)
Completed 200 OK in 26ms (Views: 24.5ms | ActiveRecord: 0.0ms)
  [1m[36m (70.3ms)[0m  [1mCREATE TABLE "users" ("id" INTEGER PRIMARY KEY AUTOINCREMENT NOT NULL, "name" varchar(255), "email" varchar(255), "password_digest" varchar(255), "created_at" datetime, "updated_at" datetime, "phone_no" varchar(255), "remember_token" varchar(255), "current_balance" integer DEFAULT 0) [0m
  [1m[35m (19.0ms)[0m  CREATE INDEX "index_users_on_remember_token" ON "users" ("remember_token")
  [1m[36m (33.2ms)[0m  [1mCREATE TABLE "schema_migrations" ("version" varchar(255) NOT NULL) [0m
  [1m[35m (13.5ms)[0m  CREATE UNIQUE INDEX "unique_schema_migrations" ON "schema_migrations" ("version")
  [1m[36m (0.2ms)[0m  [1mSELECT version FROM "schema_migrations"[0m
  [1m[35m (49.9ms)[0m  INSERT INTO "schema_migrations" (version) VALUES ('20140221232038')
  [1m[36m (10.3ms)[0m  [1mINSERT INTO "schema_migrations" (version) VALUES ('20140221221200')[0m
  [1m[35m (12.9ms)[0m  INSERT INTO "schema_migrations" (version) VALUES ('20140221220816')
  [1m[36m (11.9ms)[0m  [1mINSERT INTO "schema_migrations" (version) VALUES ('20140221220549')[0m
  [1m[35mActiveRecord::SchemaMigration Load (0.2ms)[0m  SELECT "schema_migrations".* FROM "schema_migrations"


Started GET "/signup" for 127.0.0.1 at 2014-02-22 13:13:45 -0800
Processing by AccountController#signup as HTML
  Rendered account/signup.html.erb within layouts/application (6.9ms)
Completed 200 OK in 15ms (Views: 13.4ms | ActiveRecord: 0.0ms)


Started POST "/signup" for 127.0.0.1 at 2014-02-22 13:14:11 -0800
Processing by AccountController#create as HTML
  Parameters: {"utf8"=>"✓", "authenticity_token"=>"yn9iEzKe24fzY94XFjgO8r4I3G2Fo+IuwOjla5aiEzw=", "user"=>{"name"=>"kumaresh", "email"=>"test@test.com", "phone_no"=>"6085569379", "password"=>"[FILTERED]", "password_confirmation"=>"[FILTERED]"}, "commit"=>"Create my account"}
  [1m[35m (0.2ms)[0m  begin transaction
  [1m[36mUser Exists (0.3ms)[0m  [1mSELECT 1 AS one FROM "users" WHERE LOWER("users"."email") = LOWER('test@test.com') LIMIT 1[0m
Binary data inserted for `string` type on column `password_digest`
  [1m[35mSQL (3.6ms)[0m  INSERT INTO "users" ("created_at", "email", "name", "password_digest", "phone_no", "remember_token", "updated_at") VALUES (?, ?, ?, ?, ?, ?, ?)  [["created_at", Sat, 22 Feb 2014 21:14:11 UTC +00:00], ["email", "test@test.com"], ["name", "kumaresh"], ["password_digest", "$2a$10$nv2rClWcltZr5FG3tNgp1eraOe74ZnUS0wdede4EXNiNjOWP/nqDu"], ["phone_no", "6085569379"], ["remember_token", "rsiFZPzb9L99IgJSiH_QcA"], ["updated_at", Sat, 22 Feb 2014 21:14:11 UTC +00:00]]
  [1m[36m (31.6ms)[0m  [1mcommit transaction[0m
Redirected to http://localhost:3000/account/3
Completed 302 Found in 175ms (ActiveRecord: 35.7ms)


Started GET "/account/3" for 127.0.0.1 at 2014-02-22 13:14:11 -0800
Processing by AccountController#index as HTML
  Parameters: {"id"=>"3"}
  [1m[35mUser Load (0.2ms)[0m  SELECT "users".* FROM "users" WHERE "users"."id" = ? LIMIT 1  [["id", "3"]]
  Rendered account/index.html.erb within layouts/application (0.8ms)
Completed 500 Internal Server Error in 4ms

ActionView::Template::Error (undefined method `id' for nil:NilClass):
    4:   		<div class="col-md-4">
    5: 			<h2>Account Details</h2>
    6: 			<p>Your current balance is: $<%= @user.current_balance %></p>
    7: 			<p>Session test <%= session[:user].id %></p>
    8: 			
    9: 			<%= form_tag charges_path do %>
   10: 				<article>
  app/views/account/index.html.erb:7:in `_app_views_account_index_html_erb___1434877583742269830_16277020'


  Rendered /home/mkvisakan/.rvm/gems/ruby-2.0.0-p353@railstutorial_rails_4_0/gems/actionpack-4.0.2/lib/action_dispatch/middleware/templates/rescues/_trace.erb (42.0ms)
  Rendered /home/mkvisakan/.rvm/gems/ruby-2.0.0-p353@railstutorial_rails_4_0/gems/actionpack-4.0.2/lib/action_dispatch/middleware/templates/rescues/_request_and_response.erb (1.0ms)
  Rendered /home/mkvisakan/.rvm/gems/ruby-2.0.0-p353@railstutorial_rails_4_0/gems/actionpack-4.0.2/lib/action_dispatch/middleware/templates/rescues/template_error.erb within rescues/layout (55.4ms)
  [1m[36m (68.0ms)[0m  [1mCREATE TABLE "users" ("id" INTEGER PRIMARY KEY AUTOINCREMENT NOT NULL, "name" varchar(255), "email" varchar(255), "password_digest" varchar(255), "created_at" datetime, "updated_at" datetime, "phone_no" varchar(255), "remember_token" varchar(255), "current_balance" integer DEFAULT 0) [0m
  [1m[35m (9.7ms)[0m  CREATE INDEX "index_users_on_remember_token" ON "users" ("remember_token")
  [1m[36m (43.3ms)[0m  [1mCREATE TABLE "schema_migrations" ("version" varchar(255) NOT NULL) [0m
  [1m[35m (10.2ms)[0m  CREATE UNIQUE INDEX "unique_schema_migrations" ON "schema_migrations" ("version")
  [1m[36m (0.1ms)[0m  [1mSELECT version FROM "schema_migrations"[0m
  [1m[35m (15.6ms)[0m  INSERT INTO "schema_migrations" (version) VALUES ('20140221232038')
  [1m[36m (9.5ms)[0m  [1mINSERT INTO "schema_migrations" (version) VALUES ('20140221221200')[0m
  [1m[35m (15.1ms)[0m  INSERT INTO "schema_migrations" (version) VALUES ('20140221220816')
  [1m[36m (56.8ms)[0m  [1mINSERT INTO "schema_migrations" (version) VALUES ('20140221220549')[0m
  [1m[35mActiveRecord::SchemaMigration Load (0.4ms)[0m  SELECT "schema_migrations".* FROM "schema_migrations"


Started GET "/" for 127.0.0.1 at 2014-02-22 13:15:32 -0800
  [1m[36mActiveRecord::SchemaMigration Load (0.1ms)[0m  [1mSELECT "schema_migrations".* FROM "schema_migrations"[0m
Processing by WelcomeController#index as HTML
  Rendered welcome/index.html.erb within layouts/application (15.4ms)
Completed 200 OK in 64ms (Views: 32.2ms | ActiveRecord: 0.0ms)


Started GET "/signup" for 127.0.0.1 at 2014-02-22 13:15:33 -0800
Processing by AccountController#signup as HTML
  Rendered account/signup.html.erb within layouts/application (18.0ms)
Completed 200 OK in 103ms (Views: 20.1ms | ActiveRecord: 0.5ms)


Started POST "/signup" for 127.0.0.1 at 2014-02-22 13:15:47 -0800
Processing by AccountController#create as HTML
  Parameters: {"utf8"=>"✓", "authenticity_token"=>"yn9iEzKe24fzY94XFjgO8r4I3G2Fo+IuwOjla5aiEzw=", "user"=>{"name"=>"kumaresh", "email"=>"test@test.com", "phone_no"=>"6085569379", "password"=>"[FILTERED]", "password_confirmation"=>"[FILTERED]"}, "commit"=>"Create my account"}
  [1m[35m (0.1ms)[0m  begin transaction
  [1m[36mUser Exists (0.2ms)[0m  [1mSELECT 1 AS one FROM "users" WHERE LOWER("users"."email") = LOWER('test@test.com') LIMIT 1[0m
Binary data inserted for `string` type on column `password_digest`
  [1m[35mSQL (6.4ms)[0m  INSERT INTO "users" ("created_at", "email", "name", "password_digest", "phone_no", "remember_token", "updated_at") VALUES (?, ?, ?, ?, ?, ?, ?)  [["created_at", Sat, 22 Feb 2014 21:15:47 UTC +00:00], ["email", "test@test.com"], ["name", "kumaresh"], ["password_digest", "$2a$10$nQLfyUNXBiiql/HaXF92.OJ7RcYmu8A0wB.ufYGaHOLGShQFTieIi"], ["phone_no", "6085569379"], ["remember_token", "7pIQa87tRumiutQeQamaJw"], ["updated_at", Sat, 22 Feb 2014 21:15:47 UTC +00:00]]
  [1m[36m (420.6ms)[0m  [1mcommit transaction[0m
Redirected to http://localhost:3000/account/1
Completed 302 Found in 612ms (ActiveRecord: 427.4ms)


Started GET "/account/1" for 127.0.0.1 at 2014-02-22 13:15:48 -0800
Processing by AccountController#index as HTML
  Parameters: {"id"=>"1"}
  [1m[35mUser Load (0.7ms)[0m  SELECT "users".* FROM "users" WHERE "users"."id" = ? LIMIT 1  [["id", "1"]]
  Rendered account/index.html.erb within layouts/application (5.6ms)
Completed 200 OK in 16ms (Views: 8.1ms | ActiveRecord: 0.7ms)


Started POST "/charges" for 127.0.0.1 at 2014-02-22 13:16:14 -0800
Processing by ChargesController#create as HTML
  Parameters: {"utf8"=>"✓", "authenticity_token"=>"yn9iEzKe24fzY94XFjgO8r4I3G2Fo+IuwOjla5aiEzw=", "stripeToken"=>"tok_103Xst2qKxEo150rVLmc4iQA", "stripeEmail"=>"xyx@xyz.com"}
  Rendered charges/create.html.erb within layouts/charges (8.7ms)
Completed 200 OK in 2770ms (Views: 61.7ms | ActiveRecord: 0.0ms)


Started GET "/" for 127.0.0.1 at 2014-02-22 13:17:57 -0800
  [1m[36mActiveRecord::SchemaMigration Load (0.1ms)[0m  [1mSELECT "schema_migrations".* FROM "schema_migrations"[0m
Processing by WelcomeController#index as HTML
  Rendered welcome/index.html.erb within layouts/application (64.0ms)
Completed 200 OK in 119ms (Views: 72.4ms | ActiveRecord: 0.0ms)


Started POST "/signin" for 127.0.0.1 at 2014-02-22 13:18:05 -0800
Processing by AccountController#signin as HTML
  Parameters: {"utf8"=>"✓", "authenticity_token"=>"yn9iEzKe24fzY94XFjgO8r4I3G2Fo+IuwOjla5aiEzw=", "user"=>{"email"=>"test@test.com", "password"=>"[FILTERED]"}, "commit"=>"Sign In"}
  [1m[35mUser Load (0.3ms)[0m  SELECT "users".* FROM "users" WHERE "users"."email" = 'test@test.com' LIMIT 1
Redirected to http://localhost:3000/account/1
Completed 302 Found in 22ms (ActiveRecord: 0.3ms)


Started GET "/account/1" for 127.0.0.1 at 2014-02-22 13:18:05 -0800
Processing by AccountController#index as HTML
  Parameters: {"id"=>"1"}
  [1m[36mUser Load (0.3ms)[0m  [1mSELECT "users".* FROM "users" WHERE "users"."id" = ? LIMIT 1[0m  [["id", "1"]]
  Rendered account/index.html.erb within layouts/application (2.3ms)
Completed 200 OK in 8ms (Views: 5.3ms | ActiveRecord: 0.3ms)


Started POST "/charges" for 127.0.0.1 at 2014-02-22 13:18:23 -0800
Processing by ChargesController#create as HTML
  Parameters: {"utf8"=>"✓", "authenticity_token"=>"yn9iEzKe24fzY94XFjgO8r4I3G2Fo+IuwOjla5aiEzw=", "stripeToken"=>"tok_103Xsw2qKxEo150rXHBRwBbz", "stripeEmail"=>"xyx@xyz.com"}
  [1m[35m (0.7ms)[0m  begin transaction
  [1m[36mSQL (31.5ms)[0m  [1mUPDATE "users" SET "current_balance" = ?, "remember_token" = ?, "updated_at" = ? WHERE "users"."id" = 1[0m  [["current_balance", 100], ["remember_token", "az388iXGDcBHGNeWw7ScIA"], ["updated_at", Sat, 22 Feb 2014 21:18:26 UTC +00:00]]
  [1m[35m (27.7ms)[0m  commit transaction
  Rendered charges/create.html.erb within layouts/charges (0.6ms)
Completed 200 OK in 3339ms (Views: 7.7ms | ActiveRecord: 59.8ms)


Started GET "/account/1" for 127.0.0.1 at 2014-02-22 13:18:33 -0800
Processing by AccountController#index as HTML
  Parameters: {"id"=>"1"}
  [1m[36mUser Load (5.1ms)[0m  [1mSELECT "users".* FROM "users" WHERE "users"."id" = ? LIMIT 1[0m  [["id", "1"]]
  Rendered account/index.html.erb within layouts/application (1.2ms)
Completed 200 OK in 26ms (Views: 15.6ms | ActiveRecord: 5.1ms)

ActionDispatch::Cookies::CookieOverflow (ActionDispatch::Cookies::CookieOverflow):
  actionpack (4.0.2) lib/action_dispatch/middleware/cookies.rb:455:in `[]='
  actionpack (4.0.2) lib/action_dispatch/middleware/session/cookie_store.rb:109:in `set_cookie'
  rack (1.5.2) lib/rack/session/abstract/id.rb:350:in `commit_session'
  rack (1.5.2) lib/rack/session/abstract/id.rb:226:in `context'
  rack (1.5.2) lib/rack/session/abstract/id.rb:220:in `call'
  actionpack (4.0.2) lib/action_dispatch/middleware/cookies.rb:486:in `call'
  activerecord (4.0.2) lib/active_record/query_cache.rb:36:in `call'
  activerecord (4.0.2) lib/active_record/connection_adapters/abstract/connection_pool.rb:626:in `call'
  activerecord (4.0.2) lib/active_record/migration.rb:369:in `call'
  actionpack (4.0.2) lib/action_dispatch/middleware/callbacks.rb:29:in `block in call'
  activesupport (4.0.2) lib/active_support/callbacks.rb:373:in `_run__3915925005875801511__call__callbacks'
  activesupport (4.0.2) lib/active_support/callbacks.rb:80:in `run_callbacks'
  actionpack (4.0.2) lib/action_dispatch/middleware/callbacks.rb:27:in `call'
  actionpack (4.0.2) lib/action_dispatch/middleware/reloader.rb:64:in `call'
  actionpack (4.0.2) lib/action_dispatch/middleware/remote_ip.rb:76:in `call'
  actionpack (4.0.2) lib/action_dispatch/middleware/debug_exceptions.rb:17:in `call'
  actionpack (4.0.2) lib/action_dispatch/middleware/show_exceptions.rb:30:in `call'
  railties (4.0.2) lib/rails/rack/logger.rb:38:in `call_app'
  railties (4.0.2) lib/rails/rack/logger.rb:20:in `block in call'
  activesupport (4.0.2) lib/active_support/tagged_logging.rb:67:in `block in tagged'
  activesupport (4.0.2) lib/active_support/tagged_logging.rb:25:in `tagged'
  activesupport (4.0.2) lib/active_support/tagged_logging.rb:67:in `tagged'
  railties (4.0.2) lib/rails/rack/logger.rb:20:in `call'
  actionpack (4.0.2) lib/action_dispatch/middleware/request_id.rb:21:in `call'
  rack (1.5.2) lib/rack/methodoverride.rb:21:in `call'
  rack (1.5.2) lib/rack/runtime.rb:17:in `call'
  activesupport (4.0.2) lib/active_support/cache/strategy/local_cache.rb:83:in `call'
  rack (1.5.2) lib/rack/lock.rb:17:in `call'
  actionpack (4.0.2) lib/action_dispatch/middleware/static.rb:64:in `call'
  rack (1.5.2) lib/rack/sendfile.rb:112:in `call'
  railties (4.0.2) lib/rails/engine.rb:511:in `call'
  railties (4.0.2) lib/rails/application.rb:97:in `call'
  rack (1.5.2) lib/rack/lock.rb:17:in `call'
  rack (1.5.2) lib/rack/content_length.rb:14:in `call'
  rack (1.5.2) lib/rack/handler/webrick.rb:60:in `service'
  /home/mkvisakan/.rvm/rubies/ruby-2.0.0-p353/lib/ruby/2.0.0/webrick/httpserver.rb:138:in `service'
  /home/mkvisakan/.rvm/rubies/ruby-2.0.0-p353/lib/ruby/2.0.0/webrick/httpserver.rb:94:in `run'
  /home/mkvisakan/.rvm/rubies/ruby-2.0.0-p353/lib/ruby/2.0.0/webrick/server.rb:295:in `block in start_thread'


  Rendered /home/mkvisakan/.rvm/gems/ruby-2.0.0-p353@railstutorial_rails_4_0/gems/actionpack-4.0.2/lib/action_dispatch/middleware/templates/rescues/_source.erb (0.6ms)
  Rendered /home/mkvisakan/.rvm/gems/ruby-2.0.0-p353@railstutorial_rails_4_0/gems/actionpack-4.0.2/lib/action_dispatch/middleware/templates/rescues/_trace.erb (11.3ms)
  Rendered /home/mkvisakan/.rvm/gems/ruby-2.0.0-p353@railstutorial_rails_4_0/gems/actionpack-4.0.2/lib/action_dispatch/middleware/templates/rescues/_request_and_response.erb (5.8ms)
  Rendered /home/mkvisakan/.rvm/gems/ruby-2.0.0-p353@railstutorial_rails_4_0/gems/actionpack-4.0.2/lib/action_dispatch/middleware/templates/rescues/diagnostics.erb within rescues/layout (32.2ms)


Started GET "/" for 127.0.0.1 at 2014-02-22 13:18:42 -0800
Processing by WelcomeController#index as HTML
  Rendered welcome/index.html.erb within layouts/application (7.1ms)
Completed 200 OK in 13ms (Views: 9.3ms | ActiveRecord: 0.0ms)

ActionDispatch::Cookies::CookieOverflow (ActionDispatch::Cookies::CookieOverflow):
  actionpack (4.0.2) lib/action_dispatch/middleware/cookies.rb:455:in `[]='
  actionpack (4.0.2) lib/action_dispatch/middleware/session/cookie_store.rb:109:in `set_cookie'
  rack (1.5.2) lib/rack/session/abstract/id.rb:350:in `commit_session'
  rack (1.5.2) lib/rack/session/abstract/id.rb:226:in `context'
  rack (1.5.2) lib/rack/session/abstract/id.rb:220:in `call'
  actionpack (4.0.2) lib/action_dispatch/middleware/cookies.rb:486:in `call'
  activerecord (4.0.2) lib/active_record/query_cache.rb:36:in `call'
  activerecord (4.0.2) lib/active_record/connection_adapters/abstract/connection_pool.rb:626:in `call'
  activerecord (4.0.2) lib/active_record/migration.rb:369:in `call'
  actionpack (4.0.2) lib/action_dispatch/middleware/callbacks.rb:29:in `block in call'
  activesupport (4.0.2) lib/active_support/callbacks.rb:373:in `_run__3915925005875801511__call__callbacks'
  activesupport (4.0.2) lib/active_support/callbacks.rb:80:in `run_callbacks'
  actionpack (4.0.2) lib/action_dispatch/middleware/callbacks.rb:27:in `call'
  actionpack (4.0.2) lib/action_dispatch/middleware/reloader.rb:64:in `call'
  actionpack (4.0.2) lib/action_dispatch/middleware/remote_ip.rb:76:in `call'
  actionpack (4.0.2) lib/action_dispatch/middleware/debug_exceptions.rb:17:in `call'
  actionpack (4.0.2) lib/action_dispatch/middleware/show_exceptions.rb:30:in `call'
  railties (4.0.2) lib/rails/rack/logger.rb:38:in `call_app'
  railties (4.0.2) lib/rails/rack/logger.rb:20:in `block in call'
  activesupport (4.0.2) lib/active_support/tagged_logging.rb:67:in `block in tagged'
  activesupport (4.0.2) lib/active_support/tagged_logging.rb:25:in `tagged'
  activesupport (4.0.2) lib/active_support/tagged_logging.rb:67:in `tagged'
  railties (4.0.2) lib/rails/rack/logger.rb:20:in `call'
  actionpack (4.0.2) lib/action_dispatch/middleware/request_id.rb:21:in `call'
  rack (1.5.2) lib/rack/methodoverride.rb:21:in `call'
  rack (1.5.2) lib/rack/runtime.rb:17:in `call'
  activesupport (4.0.2) lib/active_support/cache/strategy/local_cache.rb:83:in `call'
  rack (1.5.2) lib/rack/lock.rb:17:in `call'
  actionpack (4.0.2) lib/action_dispatch/middleware/static.rb:64:in `call'
  rack (1.5.2) lib/rack/sendfile.rb:112:in `call'
  railties (4.0.2) lib/rails/engine.rb:511:in `call'
  railties (4.0.2) lib/rails/application.rb:97:in `call'
  rack (1.5.2) lib/rack/lock.rb:17:in `call'
  rack (1.5.2) lib/rack/content_length.rb:14:in `call'
  rack (1.5.2) lib/rack/handler/webrick.rb:60:in `service'
  /home/mkvisakan/.rvm/rubies/ruby-2.0.0-p353/lib/ruby/2.0.0/webrick/httpserver.rb:138:in `service'
  /home/mkvisakan/.rvm/rubies/ruby-2.0.0-p353/lib/ruby/2.0.0/webrick/httpserver.rb:94:in `run'
  /home/mkvisakan/.rvm/rubies/ruby-2.0.0-p353/lib/ruby/2.0.0/webrick/server.rb:295:in `block in start_thread'


  Rendered /home/mkvisakan/.rvm/gems/ruby-2.0.0-p353@railstutorial_rails_4_0/gems/actionpack-4.0.2/lib/action_dispatch/middleware/templates/rescues/_source.erb (0.8ms)
  Rendered /home/mkvisakan/.rvm/gems/ruby-2.0.0-p353@railstutorial_rails_4_0/gems/actionpack-4.0.2/lib/action_dispatch/middleware/templates/rescues/_trace.erb (13.8ms)
  Rendered /home/mkvisakan/.rvm/gems/ruby-2.0.0-p353@railstutorial_rails_4_0/gems/actionpack-4.0.2/lib/action_dispatch/middleware/templates/rescues/_request_and_response.erb (1.3ms)
  Rendered /home/mkvisakan/.rvm/gems/ruby-2.0.0-p353@railstutorial_rails_4_0/gems/actionpack-4.0.2/lib/action_dispatch/middleware/templates/rescues/diagnostics.erb within rescues/layout (36.6ms)


Started GET "/" for 127.0.0.1 at 2014-02-22 13:18:52 -0800
Processing by WelcomeController#index as HTML
  Rendered welcome/index.html.erb within layouts/application (1.5ms)
Completed 200 OK in 79ms (Views: 66.1ms | ActiveRecord: 0.0ms)

ActionDispatch::Cookies::CookieOverflow (ActionDispatch::Cookies::CookieOverflow):
  actionpack (4.0.2) lib/action_dispatch/middleware/cookies.rb:455:in `[]='
  actionpack (4.0.2) lib/action_dispatch/middleware/session/cookie_store.rb:109:in `set_cookie'
  rack (1.5.2) lib/rack/session/abstract/id.rb:350:in `commit_session'
  rack (1.5.2) lib/rack/session/abstract/id.rb:226:in `context'
  rack (1.5.2) lib/rack/session/abstract/id.rb:220:in `call'
  actionpack (4.0.2) lib/action_dispatch/middleware/cookies.rb:486:in `call'
  activerecord (4.0.2) lib/active_record/query_cache.rb:36:in `call'
  activerecord (4.0.2) lib/active_record/connection_adapters/abstract/connection_pool.rb:626:in `call'
  activerecord (4.0.2) lib/active_record/migration.rb:369:in `call'
  actionpack (4.0.2) lib/action_dispatch/middleware/callbacks.rb:29:in `block in call'
  activesupport (4.0.2) lib/active_support/callbacks.rb:373:in `_run__3915925005875801511__call__callbacks'
  activesupport (4.0.2) lib/active_support/callbacks.rb:80:in `run_callbacks'
  actionpack (4.0.2) lib/action_dispatch/middleware/callbacks.rb:27:in `call'
  actionpack (4.0.2) lib/action_dispatch/middleware/reloader.rb:64:in `call'
  actionpack (4.0.2) lib/action_dispatch/middleware/remote_ip.rb:76:in `call'
  actionpack (4.0.2) lib/action_dispatch/middleware/debug_exceptions.rb:17:in `call'
  actionpack (4.0.2) lib/action_dispatch/middleware/show_exceptions.rb:30:in `call'
  railties (4.0.2) lib/rails/rack/logger.rb:38:in `call_app'
  railties (4.0.2) lib/rails/rack/logger.rb:20:in `block in call'
  activesupport (4.0.2) lib/active_support/tagged_logging.rb:67:in `block in tagged'
  activesupport (4.0.2) lib/active_support/tagged_logging.rb:25:in `tagged'
  activesupport (4.0.2) lib/active_support/tagged_logging.rb:67:in `tagged'
  railties (4.0.2) lib/rails/rack/logger.rb:20:in `call'
  actionpack (4.0.2) lib/action_dispatch/middleware/request_id.rb:21:in `call'
  rack (1.5.2) lib/rack/methodoverride.rb:21:in `call'
  rack (1.5.2) lib/rack/runtime.rb:17:in `call'
  activesupport (4.0.2) lib/active_support/cache/strategy/local_cache.rb:83:in `call'
  rack (1.5.2) lib/rack/lock.rb:17:in `call'
  actionpack (4.0.2) lib/action_dispatch/middleware/static.rb:64:in `call'
  rack (1.5.2) lib/rack/sendfile.rb:112:in `call'
  railties (4.0.2) lib/rails/engine.rb:511:in `call'
  railties (4.0.2) lib/rails/application.rb:97:in `call'
  rack (1.5.2) lib/rack/lock.rb:17:in `call'
  rack (1.5.2) lib/rack/content_length.rb:14:in `call'
  rack (1.5.2) lib/rack/handler/webrick.rb:60:in `service'
  /home/mkvisakan/.rvm/rubies/ruby-2.0.0-p353/lib/ruby/2.0.0/webrick/httpserver.rb:138:in `service'
  /home/mkvisakan/.rvm/rubies/ruby-2.0.0-p353/lib/ruby/2.0.0/webrick/httpserver.rb:94:in `run'
  /home/mkvisakan/.rvm/rubies/ruby-2.0.0-p353/lib/ruby/2.0.0/webrick/server.rb:295:in `block in start_thread'


  Rendered /home/mkvisakan/.rvm/gems/ruby-2.0.0-p353@railstutorial_rails_4_0/gems/actionpack-4.0.2/lib/action_dispatch/middleware/templates/rescues/_source.erb (0.8ms)
  Rendered /home/mkvisakan/.rvm/gems/ruby-2.0.0-p353@railstutorial_rails_4_0/gems/actionpack-4.0.2/lib/action_dispatch/middleware/templates/rescues/_trace.erb (1.1ms)
  Rendered /home/mkvisakan/.rvm/gems/ruby-2.0.0-p353@railstutorial_rails_4_0/gems/actionpack-4.0.2/lib/action_dispatch/middleware/templates/rescues/_request_and_response.erb (2.1ms)
  Rendered /home/mkvisakan/.rvm/gems/ruby-2.0.0-p353@railstutorial_rails_4_0/gems/actionpack-4.0.2/lib/action_dispatch/middleware/templates/rescues/diagnostics.erb within rescues/layout (31.2ms)


Started GET "/" for 127.0.0.1 at 2014-02-22 13:18:54 -0800
Processing by WelcomeController#index as HTML
  Rendered welcome/index.html.erb within layouts/application (1.5ms)
Completed 200 OK in 11ms (Views: 8.3ms | ActiveRecord: 0.0ms)

ActionDispatch::Cookies::CookieOverflow (ActionDispatch::Cookies::CookieOverflow):
  actionpack (4.0.2) lib/action_dispatch/middleware/cookies.rb:455:in `[]='
  actionpack (4.0.2) lib/action_dispatch/middleware/session/cookie_store.rb:109:in `set_cookie'
  rack (1.5.2) lib/rack/session/abstract/id.rb:350:in `commit_session'
  rack (1.5.2) lib/rack/session/abstract/id.rb:226:in `context'
  rack (1.5.2) lib/rack/session/abstract/id.rb:220:in `call'
  actionpack (4.0.2) lib/action_dispatch/middleware/cookies.rb:486:in `call'
  activerecord (4.0.2) lib/active_record/query_cache.rb:36:in `call'
  activerecord (4.0.2) lib/active_record/connection_adapters/abstract/connection_pool.rb:626:in `call'
  activerecord (4.0.2) lib/active_record/migration.rb:369:in `call'
  actionpack (4.0.2) lib/action_dispatch/middleware/callbacks.rb:29:in `block in call'
  activesupport (4.0.2) lib/active_support/callbacks.rb:373:in `_run__3915925005875801511__call__callbacks'
  activesupport (4.0.2) lib/active_support/callbacks.rb:80:in `run_callbacks'
  actionpack (4.0.2) lib/action_dispatch/middleware/callbacks.rb:27:in `call'
  actionpack (4.0.2) lib/action_dispatch/middleware/reloader.rb:64:in `call'
  actionpack (4.0.2) lib/action_dispatch/middleware/remote_ip.rb:76:in `call'
  actionpack (4.0.2) lib/action_dispatch/middleware/debug_exceptions.rb:17:in `call'
  actionpack (4.0.2) lib/action_dispatch/middleware/show_exceptions.rb:30:in `call'
  railties (4.0.2) lib/rails/rack/logger.rb:38:in `call_app'
  railties (4.0.2) lib/rails/rack/logger.rb:20:in `block in call'
  activesupport (4.0.2) lib/active_support/tagged_logging.rb:67:in `block in tagged'
  activesupport (4.0.2) lib/active_support/tagged_logging.rb:25:in `tagged'
  activesupport (4.0.2) lib/active_support/tagged_logging.rb:67:in `tagged'
  railties (4.0.2) lib/rails/rack/logger.rb:20:in `call'
  actionpack (4.0.2) lib/action_dispatch/middleware/request_id.rb:21:in `call'
  rack (1.5.2) lib/rack/methodoverride.rb:21:in `call'
  rack (1.5.2) lib/rack/runtime.rb:17:in `call'
  activesupport (4.0.2) lib/active_support/cache/strategy/local_cache.rb:83:in `call'
  rack (1.5.2) lib/rack/lock.rb:17:in `call'
  actionpack (4.0.2) lib/action_dispatch/middleware/static.rb:64:in `call'
  rack (1.5.2) lib/rack/sendfile.rb:112:in `call'
  railties (4.0.2) lib/rails/engine.rb:511:in `call'
  railties (4.0.2) lib/rails/application.rb:97:in `call'
  rack (1.5.2) lib/rack/lock.rb:17:in `call'
  rack (1.5.2) lib/rack/content_length.rb:14:in `call'
  rack (1.5.2) lib/rack/handler/webrick.rb:60:in `service'
  /home/mkvisakan/.rvm/rubies/ruby-2.0.0-p353/lib/ruby/2.0.0/webrick/httpserver.rb:138:in `service'
  /home/mkvisakan/.rvm/rubies/ruby-2.0.0-p353/lib/ruby/2.0.0/webrick/httpserver.rb:94:in `run'
  /home/mkvisakan/.rvm/rubies/ruby-2.0.0-p353/lib/ruby/2.0.0/webrick/server.rb:295:in `block in start_thread'


  Rendered /home/mkvisakan/.rvm/gems/ruby-2.0.0-p353@railstutorial_rails_4_0/gems/actionpack-4.0.2/lib/action_dispatch/middleware/templates/rescues/_source.erb (1.7ms)
  Rendered /home/mkvisakan/.rvm/gems/ruby-2.0.0-p353@railstutorial_rails_4_0/gems/actionpack-4.0.2/lib/action_dispatch/middleware/templates/rescues/_trace.erb (1.2ms)
  Rendered /home/mkvisakan/.rvm/gems/ruby-2.0.0-p353@railstutorial_rails_4_0/gems/actionpack-4.0.2/lib/action_dispatch/middleware/templates/rescues/_request_and_response.erb (1.0ms)
  Rendered /home/mkvisakan/.rvm/gems/ruby-2.0.0-p353@railstutorial_rails_4_0/gems/actionpack-4.0.2/lib/action_dispatch/middleware/templates/rescues/diagnostics.erb within rescues/layout (21.8ms)
  [1m[36mUser Load (1.5ms)[0m  [1mSELECT "users".* FROM "users"[0m


Started GET "/" for 127.0.0.1 at 2014-02-22 13:22:12 -0800
  [1m[36mActiveRecord::SchemaMigration Load (0.1ms)[0m  [1mSELECT "schema_migrations".* FROM "schema_migrations"[0m
Processing by WelcomeController#index as HTML
  Rendered welcome/index.html.erb within layouts/application (16.1ms)
Completed 200 OK in 67ms (Views: 24.0ms | ActiveRecord: 0.0ms)

ActionDispatch::Cookies::CookieOverflow (ActionDispatch::Cookies::CookieOverflow):
  actionpack (4.0.2) lib/action_dispatch/middleware/cookies.rb:455:in `[]='
  actionpack (4.0.2) lib/action_dispatch/middleware/session/cookie_store.rb:109:in `set_cookie'
  rack (1.5.2) lib/rack/session/abstract/id.rb:350:in `commit_session'
  rack (1.5.2) lib/rack/session/abstract/id.rb:226:in `context'
  rack (1.5.2) lib/rack/session/abstract/id.rb:220:in `call'
  actionpack (4.0.2) lib/action_dispatch/middleware/cookies.rb:486:in `call'
  activerecord (4.0.2) lib/active_record/query_cache.rb:36:in `call'
  activerecord (4.0.2) lib/active_record/connection_adapters/abstract/connection_pool.rb:626:in `call'
  activerecord (4.0.2) lib/active_record/migration.rb:369:in `call'
  actionpack (4.0.2) lib/action_dispatch/middleware/callbacks.rb:29:in `block in call'
  activesupport (4.0.2) lib/active_support/callbacks.rb:373:in `_run__259905312688069544__call__callbacks'
  activesupport (4.0.2) lib/active_support/callbacks.rb:80:in `run_callbacks'
  actionpack (4.0.2) lib/action_dispatch/middleware/callbacks.rb:27:in `call'
  actionpack (4.0.2) lib/action_dispatch/middleware/reloader.rb:64:in `call'
  actionpack (4.0.2) lib/action_dispatch/middleware/remote_ip.rb:76:in `call'
  actionpack (4.0.2) lib/action_dispatch/middleware/debug_exceptions.rb:17:in `call'
  actionpack (4.0.2) lib/action_dispatch/middleware/show_exceptions.rb:30:in `call'
  railties (4.0.2) lib/rails/rack/logger.rb:38:in `call_app'
  railties (4.0.2) lib/rails/rack/logger.rb:20:in `block in call'
  activesupport (4.0.2) lib/active_support/tagged_logging.rb:67:in `block in tagged'
  activesupport (4.0.2) lib/active_support/tagged_logging.rb:25:in `tagged'
  activesupport (4.0.2) lib/active_support/tagged_logging.rb:67:in `tagged'
  railties (4.0.2) lib/rails/rack/logger.rb:20:in `call'
  actionpack (4.0.2) lib/action_dispatch/middleware/request_id.rb:21:in `call'
  rack (1.5.2) lib/rack/methodoverride.rb:21:in `call'
  rack (1.5.2) lib/rack/runtime.rb:17:in `call'
  activesupport (4.0.2) lib/active_support/cache/strategy/local_cache.rb:83:in `call'
  rack (1.5.2) lib/rack/lock.rb:17:in `call'
  actionpack (4.0.2) lib/action_dispatch/middleware/static.rb:64:in `call'
  rack (1.5.2) lib/rack/sendfile.rb:112:in `call'
  railties (4.0.2) lib/rails/engine.rb:511:in `call'
  railties (4.0.2) lib/rails/application.rb:97:in `call'
  rack (1.5.2) lib/rack/lock.rb:17:in `call'
  rack (1.5.2) lib/rack/content_length.rb:14:in `call'
  rack (1.5.2) lib/rack/handler/webrick.rb:60:in `service'
  /home/mkvisakan/.rvm/rubies/ruby-2.0.0-p353/lib/ruby/2.0.0/webrick/httpserver.rb:138:in `service'
  /home/mkvisakan/.rvm/rubies/ruby-2.0.0-p353/lib/ruby/2.0.0/webrick/httpserver.rb:94:in `run'
  /home/mkvisakan/.rvm/rubies/ruby-2.0.0-p353/lib/ruby/2.0.0/webrick/server.rb:295:in `block in start_thread'


  Rendered /home/mkvisakan/.rvm/gems/ruby-2.0.0-p353@railstutorial_rails_4_0/gems/actionpack-4.0.2/lib/action_dispatch/middleware/templates/rescues/_source.erb (0.8ms)
  Rendered /home/mkvisakan/.rvm/gems/ruby-2.0.0-p353@railstutorial_rails_4_0/gems/actionpack-4.0.2/lib/action_dispatch/middleware/templates/rescues/_trace.erb (1.2ms)
  Rendered /home/mkvisakan/.rvm/gems/ruby-2.0.0-p353@railstutorial_rails_4_0/gems/actionpack-4.0.2/lib/action_dispatch/middleware/templates/rescues/_request_and_response.erb (1.7ms)
  Rendered /home/mkvisakan/.rvm/gems/ruby-2.0.0-p353@railstutorial_rails_4_0/gems/actionpack-4.0.2/lib/action_dispatch/middleware/templates/rescues/diagnostics.erb within rescues/layout (36.6ms)


Started GET "/" for 127.0.0.1 at 2014-02-22 13:22:15 -0800
Processing by WelcomeController#index as HTML
  Rendered welcome/index.html.erb within layouts/application (2.7ms)
Completed 200 OK in 18ms (Views: 12.5ms | ActiveRecord: 0.0ms)

ActionDispatch::Cookies::CookieOverflow (ActionDispatch::Cookies::CookieOverflow):
  actionpack (4.0.2) lib/action_dispatch/middleware/cookies.rb:455:in `[]='
  actionpack (4.0.2) lib/action_dispatch/middleware/session/cookie_store.rb:109:in `set_cookie'
  rack (1.5.2) lib/rack/session/abstract/id.rb:350:in `commit_session'
  rack (1.5.2) lib/rack/session/abstract/id.rb:226:in `context'
  rack (1.5.2) lib/rack/session/abstract/id.rb:220:in `call'
  actionpack (4.0.2) lib/action_dispatch/middleware/cookies.rb:486:in `call'
  activerecord (4.0.2) lib/active_record/query_cache.rb:36:in `call'
  activerecord (4.0.2) lib/active_record/connection_adapters/abstract/connection_pool.rb:626:in `call'
  activerecord (4.0.2) lib/active_record/migration.rb:369:in `call'
  actionpack (4.0.2) lib/action_dispatch/middleware/callbacks.rb:29:in `block in call'
  activesupport (4.0.2) lib/active_support/callbacks.rb:373:in `_run__259905312688069544__call__callbacks'
  activesupport (4.0.2) lib/active_support/callbacks.rb:80:in `run_callbacks'
  actionpack (4.0.2) lib/action_dispatch/middleware/callbacks.rb:27:in `call'
  actionpack (4.0.2) lib/action_dispatch/middleware/reloader.rb:64:in `call'
  actionpack (4.0.2) lib/action_dispatch/middleware/remote_ip.rb:76:in `call'
  actionpack (4.0.2) lib/action_dispatch/middleware/debug_exceptions.rb:17:in `call'
  actionpack (4.0.2) lib/action_dispatch/middleware/show_exceptions.rb:30:in `call'
  railties (4.0.2) lib/rails/rack/logger.rb:38:in `call_app'
  railties (4.0.2) lib/rails/rack/logger.rb:20:in `block in call'
  activesupport (4.0.2) lib/active_support/tagged_logging.rb:67:in `block in tagged'
  activesupport (4.0.2) lib/active_support/tagged_logging.rb:25:in `tagged'
  activesupport (4.0.2) lib/active_support/tagged_logging.rb:67:in `tagged'
  railties (4.0.2) lib/rails/rack/logger.rb:20:in `call'
  actionpack (4.0.2) lib/action_dispatch/middleware/request_id.rb:21:in `call'
  rack (1.5.2) lib/rack/methodoverride.rb:21:in `call'
  rack (1.5.2) lib/rack/runtime.rb:17:in `call'
  activesupport (4.0.2) lib/active_support/cache/strategy/local_cache.rb:83:in `call'
  rack (1.5.2) lib/rack/lock.rb:17:in `call'
  actionpack (4.0.2) lib/action_dispatch/middleware/static.rb:64:in `call'
  rack (1.5.2) lib/rack/sendfile.rb:112:in `call'
  railties (4.0.2) lib/rails/engine.rb:511:in `call'
  railties (4.0.2) lib/rails/application.rb:97:in `call'
  rack (1.5.2) lib/rack/lock.rb:17:in `call'
  rack (1.5.2) lib/rack/content_length.rb:14:in `call'
  rack (1.5.2) lib/rack/handler/webrick.rb:60:in `service'
  /home/mkvisakan/.rvm/rubies/ruby-2.0.0-p353/lib/ruby/2.0.0/webrick/httpserver.rb:138:in `service'
  /home/mkvisakan/.rvm/rubies/ruby-2.0.0-p353/lib/ruby/2.0.0/webrick/httpserver.rb:94:in `run'
  /home/mkvisakan/.rvm/rubies/ruby-2.0.0-p353/lib/ruby/2.0.0/webrick/server.rb:295:in `block in start_thread'


  Rendered /home/mkvisakan/.rvm/gems/ruby-2.0.0-p353@railstutorial_rails_4_0/gems/actionpack-4.0.2/lib/action_dispatch/middleware/templates/rescues/_source.erb (0.7ms)
  Rendered /home/mkvisakan/.rvm/gems/ruby-2.0.0-p353@railstutorial_rails_4_0/gems/actionpack-4.0.2/lib/action_dispatch/middleware/templates/rescues/_trace.erb (1.0ms)
  Rendered /home/mkvisakan/.rvm/gems/ruby-2.0.0-p353@railstutorial_rails_4_0/gems/actionpack-4.0.2/lib/action_dispatch/middleware/templates/rescues/_request_and_response.erb (1.2ms)
  Rendered /home/mkvisakan/.rvm/gems/ruby-2.0.0-p353@railstutorial_rails_4_0/gems/actionpack-4.0.2/lib/action_dispatch/middleware/templates/rescues/diagnostics.erb within rescues/layout (28.1ms)
  [1m[36m (75.6ms)[0m  [1mCREATE TABLE "users" ("id" INTEGER PRIMARY KEY AUTOINCREMENT NOT NULL, "name" varchar(255), "email" varchar(255), "password_digest" varchar(255), "created_at" datetime, "updated_at" datetime, "phone_no" varchar(255), "remember_token" varchar(255), "current_balance" integer DEFAULT 0) [0m
  [1m[35m (17.2ms)[0m  CREATE INDEX "index_users_on_remember_token" ON "users" ("remember_token")
  [1m[36m (25.8ms)[0m  [1mCREATE TABLE "schema_migrations" ("version" varchar(255) NOT NULL) [0m
  [1m[35m (12.1ms)[0m  CREATE UNIQUE INDEX "unique_schema_migrations" ON "schema_migrations" ("version")
  [1m[36m (0.1ms)[0m  [1mSELECT version FROM "schema_migrations"[0m
  [1m[35m (37.5ms)[0m  INSERT INTO "schema_migrations" (version) VALUES ('20140221232038')
  [1m[36m (10.5ms)[0m  [1mINSERT INTO "schema_migrations" (version) VALUES ('20140221221200')[0m
  [1m[35m (11.4ms)[0m  INSERT INTO "schema_migrations" (version) VALUES ('20140221220816')
  [1m[36m (32.1ms)[0m  [1mINSERT INTO "schema_migrations" (version) VALUES ('20140221220549')[0m
  [1m[35mActiveRecord::SchemaMigration Load (0.2ms)[0m  SELECT "schema_migrations".* FROM "schema_migrations"
  [1m[36mActiveRecord::SchemaMigration Load (0.1ms)[0m  [1mSELECT "schema_migrations".* FROM "schema_migrations"[0m
  [1m[35mActiveRecord::SchemaMigration Load (0.1ms)[0m  SELECT "schema_migrations".* FROM "schema_migrations"


Started GET "/" for 127.0.0.1 at 2014-02-22 13:26:17 -0800
  [1m[36mActiveRecord::SchemaMigration Load (0.2ms)[0m  [1mSELECT "schema_migrations".* FROM "schema_migrations"[0m
Processing by WelcomeController#index as HTML
  Rendered welcome/index.html.erb within layouts/application (14.8ms)
Completed 200 OK in 73ms (Views: 20.8ms | ActiveRecord: 0.0ms)

ActionDispatch::Cookies::CookieOverflow (ActionDispatch::Cookies::CookieOverflow):
  actionpack (4.0.2) lib/action_dispatch/middleware/cookies.rb:455:in `[]='
  actionpack (4.0.2) lib/action_dispatch/middleware/session/cookie_store.rb:109:in `set_cookie'
  rack (1.5.2) lib/rack/session/abstract/id.rb:350:in `commit_session'
  rack (1.5.2) lib/rack/session/abstract/id.rb:226:in `context'
  rack (1.5.2) lib/rack/session/abstract/id.rb:220:in `call'
  actionpack (4.0.2) lib/action_dispatch/middleware/cookies.rb:486:in `call'
  activerecord (4.0.2) lib/active_record/query_cache.rb:36:in `call'
  activerecord (4.0.2) lib/active_record/connection_adapters/abstract/connection_pool.rb:626:in `call'
  activerecord (4.0.2) lib/active_record/migration.rb:369:in `call'
  actionpack (4.0.2) lib/action_dispatch/middleware/callbacks.rb:29:in `block in call'
  activesupport (4.0.2) lib/active_support/callbacks.rb:373:in `_run__2620721969756280848__call__callbacks'
  activesupport (4.0.2) lib/active_support/callbacks.rb:80:in `run_callbacks'
  actionpack (4.0.2) lib/action_dispatch/middleware/callbacks.rb:27:in `call'
  actionpack (4.0.2) lib/action_dispatch/middleware/reloader.rb:64:in `call'
  actionpack (4.0.2) lib/action_dispatch/middleware/remote_ip.rb:76:in `call'
  actionpack (4.0.2) lib/action_dispatch/middleware/debug_exceptions.rb:17:in `call'
  actionpack (4.0.2) lib/action_dispatch/middleware/show_exceptions.rb:30:in `call'
  railties (4.0.2) lib/rails/rack/logger.rb:38:in `call_app'
  railties (4.0.2) lib/rails/rack/logger.rb:20:in `block in call'
  activesupport (4.0.2) lib/active_support/tagged_logging.rb:67:in `block in tagged'
  activesupport (4.0.2) lib/active_support/tagged_logging.rb:25:in `tagged'
  activesupport (4.0.2) lib/active_support/tagged_logging.rb:67:in `tagged'
  railties (4.0.2) lib/rails/rack/logger.rb:20:in `call'
  actionpack (4.0.2) lib/action_dispatch/middleware/request_id.rb:21:in `call'
  rack (1.5.2) lib/rack/methodoverride.rb:21:in `call'
  rack (1.5.2) lib/rack/runtime.rb:17:in `call'
  activesupport (4.0.2) lib/active_support/cache/strategy/local_cache.rb:83:in `call'
  rack (1.5.2) lib/rack/lock.rb:17:in `call'
  actionpack (4.0.2) lib/action_dispatch/middleware/static.rb:64:in `call'
  rack (1.5.2) lib/rack/sendfile.rb:112:in `call'
  railties (4.0.2) lib/rails/engine.rb:511:in `call'
  railties (4.0.2) lib/rails/application.rb:97:in `call'
  rack (1.5.2) lib/rack/lock.rb:17:in `call'
  rack (1.5.2) lib/rack/content_length.rb:14:in `call'
  rack (1.5.2) lib/rack/handler/webrick.rb:60:in `service'
  /home/mkvisakan/.rvm/rubies/ruby-2.0.0-p353/lib/ruby/2.0.0/webrick/httpserver.rb:138:in `service'
  /home/mkvisakan/.rvm/rubies/ruby-2.0.0-p353/lib/ruby/2.0.0/webrick/httpserver.rb:94:in `run'
  /home/mkvisakan/.rvm/rubies/ruby-2.0.0-p353/lib/ruby/2.0.0/webrick/server.rb:295:in `block in start_thread'


  Rendered /home/mkvisakan/.rvm/gems/ruby-2.0.0-p353@railstutorial_rails_4_0/gems/actionpack-4.0.2/lib/action_dispatch/middleware/templates/rescues/_source.erb (0.6ms)
  Rendered /home/mkvisakan/.rvm/gems/ruby-2.0.0-p353@railstutorial_rails_4_0/gems/actionpack-4.0.2/lib/action_dispatch/middleware/templates/rescues/_trace.erb (1.4ms)
  Rendered /home/mkvisakan/.rvm/gems/ruby-2.0.0-p353@railstutorial_rails_4_0/gems/actionpack-4.0.2/lib/action_dispatch/middleware/templates/rescues/_request_and_response.erb (2.4ms)
  Rendered /home/mkvisakan/.rvm/gems/ruby-2.0.0-p353@railstutorial_rails_4_0/gems/actionpack-4.0.2/lib/action_dispatch/middleware/templates/rescues/diagnostics.erb within rescues/layout (30.5ms)


Started GET "/" for 127.0.0.1 at 2014-02-22 13:27:43 -0800
  [1m[36mActiveRecord::SchemaMigration Load (0.1ms)[0m  [1mSELECT "schema_migrations".* FROM "schema_migrations"[0m
Processing by WelcomeController#index as HTML
  Rendered welcome/index.html.erb within layouts/application (25.8ms)
Completed 200 OK in 80ms (Views: 38.2ms | ActiveRecord: 0.0ms)


Started POST "/signin" for 127.0.0.1 at 2014-02-22 13:27:49 -0800
Processing by AccountController#signin as HTML
  Parameters: {"utf8"=>"✓", "authenticity_token"=>"ReX9ZFbbHJntJnJlpFFU6XIaOZt1S+bLF9ZVU8AIKis=", "user"=>{"email"=>"test@test.com", "password"=>"[FILTERED]"}, "commit"=>"Sign In"}
  [1m[35mUser Load (0.2ms)[0m  SELECT "users".* FROM "users" WHERE "users"."email" = 'test@test.com' LIMIT 1
Redirected to http://localhost:3000/
Completed 302 Found in 113ms (ActiveRecord: 0.6ms)


Started GET "/" for 127.0.0.1 at 2014-02-22 13:27:49 -0800
Processing by WelcomeController#index as HTML
  Rendered welcome/index.html.erb within layouts/application (1.1ms)
Completed 200 OK in 4ms (Views: 2.8ms | ActiveRecord: 0.0ms)


Started GET "/" for 127.0.0.1 at 2014-02-22 13:28:44 -0800
Processing by WelcomeController#index as HTML
  Rendered welcome/index.html.erb within layouts/application (1.3ms)
Completed 200 OK in 11ms (Views: 5.9ms | ActiveRecord: 0.0ms)


Started POST "/signin" for 127.0.0.1 at 2014-02-22 13:28:49 -0800
Processing by AccountController#signin as HTML
  Parameters: {"utf8"=>"✓", "authenticity_token"=>"ReX9ZFbbHJntJnJlpFFU6XIaOZt1S+bLF9ZVU8AIKis=", "user"=>{"email"=>"test@test.com", "password"=>"[FILTERED]"}, "commit"=>"Sign In"}
  [1m[36mUser Load (0.2ms)[0m  [1mSELECT "users".* FROM "users" WHERE "users"."email" = 'test@test.com' LIMIT 1[0m
Redirected to http://localhost:3000/
Completed 302 Found in 5ms (ActiveRecord: 0.2ms)


Started GET "/" for 127.0.0.1 at 2014-02-22 13:28:49 -0800
Processing by WelcomeController#index as HTML
  Rendered welcome/index.html.erb within layouts/application (0.9ms)
Completed 200 OK in 8ms (Views: 6.2ms | ActiveRecord: 0.0ms)


Started GET "/signup" for 127.0.0.1 at 2014-02-22 13:28:52 -0800
Processing by AccountController#signup as HTML
  Rendered account/signup.html.erb within layouts/application (30.3ms)
Completed 200 OK in 33ms (Views: 32.3ms | ActiveRecord: 0.0ms)


Started POST "/signup" for 127.0.0.1 at 2014-02-22 13:29:07 -0800
Processing by AccountController#create as HTML
  Parameters: {"utf8"=>"✓", "authenticity_token"=>"ReX9ZFbbHJntJnJlpFFU6XIaOZt1S+bLF9ZVU8AIKis=", "user"=>{"name"=>"kumaresh", "email"=>"test@test.com", "phone_no"=>"6085569379", "password"=>"[FILTERED]", "password_confirmation"=>"[FILTERED]"}, "commit"=>"Create my account"}
  [1m[35m (0.2ms)[0m  begin transaction
  [1m[36mUser Exists (0.3ms)[0m  [1mSELECT 1 AS one FROM "users" WHERE LOWER("users"."email") = LOWER('test@test.com') LIMIT 1[0m
Binary data inserted for `string` type on column `password_digest`
  [1m[35mSQL (3.4ms)[0m  INSERT INTO "users" ("created_at", "email", "name", "password_digest", "phone_no", "remember_token", "updated_at") VALUES (?, ?, ?, ?, ?, ?, ?)  [["created_at", Sat, 22 Feb 2014 21:29:07 UTC +00:00], ["email", "test@test.com"], ["name", "kumaresh"], ["password_digest", "$2a$10$7.mW4DBRs.4yvfAG6vAXNO8LEZ9UBpufIAHp.WFs97GTCgFCXx2da"], ["phone_no", "6085569379"], ["remember_token", "cFAXwyBV5SWZEmUzMARhkQ"], ["updated_at", Sat, 22 Feb 2014 21:29:07 UTC +00:00]]
  [1m[36m (21.0ms)[0m  [1mcommit transaction[0m
Redirected to http://localhost:3000/account/1
Completed 302 Found in 216ms (ActiveRecord: 24.9ms)


Started GET "/account/1" for 127.0.0.1 at 2014-02-22 13:29:07 -0800
Processing by AccountController#index as HTML
  Parameters: {"id"=>"1"}
  [1m[35mUser Load (0.3ms)[0m  SELECT "users".* FROM "users" WHERE "users"."id" = ? LIMIT 1  [["id", "1"]]
  Rendered account/index.html.erb within layouts/application (1.1ms)
Completed 200 OK in 8ms (Views: 5.7ms | ActiveRecord: 0.3ms)


Started POST "/charges" for 127.0.0.1 at 2014-02-22 13:29:28 -0800
Processing by ChargesController#create as HTML
  Parameters: {"utf8"=>"✓", "authenticity_token"=>"ReX9ZFbbHJntJnJlpFFU6XIaOZt1S+bLF9ZVU8AIKis=", "stripeToken"=>"tok_103Xt72qKxEo150r3XYoOwYG", "stripeEmail"=>"xyx@xyz.com"}
Completed 500 Internal Server Error in 2289ms

NoMethodError (undefined method `fin' for #<Class:0x000000043e0ae0>):
  app/controllers/charges_controller.rb:22:in `create'


  Rendered /home/mkvisakan/.rvm/gems/ruby-2.0.0-p353@railstutorial_rails_4_0/gems/actionpack-4.0.2/lib/action_dispatch/middleware/templates/rescues/_source.erb (65.0ms)
  Rendered /home/mkvisakan/.rvm/gems/ruby-2.0.0-p353@railstutorial_rails_4_0/gems/actionpack-4.0.2/lib/action_dispatch/middleware/templates/rescues/_trace.erb (3.5ms)
  Rendered /home/mkvisakan/.rvm/gems/ruby-2.0.0-p353@railstutorial_rails_4_0/gems/actionpack-4.0.2/lib/action_dispatch/middleware/templates/rescues/_request_and_response.erb (1.2ms)
  Rendered /home/mkvisakan/.rvm/gems/ruby-2.0.0-p353@railstutorial_rails_4_0/gems/actionpack-4.0.2/lib/action_dispatch/middleware/templates/rescues/diagnostics.erb within rescues/layout (95.1ms)


Started GET "/account/1" for 127.0.0.1 at 2014-02-22 13:30:02 -0800
Processing by AccountController#index as HTML
  Parameters: {"id"=>"1"}
  [1m[36mUser Load (0.2ms)[0m  [1mSELECT "users".* FROM "users" WHERE "users"."id" = ? LIMIT 1[0m  [["id", "1"]]
  Rendered account/index.html.erb within layouts/application (2.9ms)
Completed 200 OK in 32ms (Views: 4.9ms | ActiveRecord: 0.8ms)


Started GET "/account/1" for 127.0.0.1 at 2014-02-22 13:30:04 -0800
Processing by AccountController#index as HTML
  Parameters: {"id"=>"1"}
  [1m[35mUser Load (0.2ms)[0m  SELECT "users".* FROM "users" WHERE "users"."id" = ? LIMIT 1  [["id", "1"]]
  Rendered account/index.html.erb within layouts/application (0.9ms)
Completed 200 OK in 7ms (Views: 4.6ms | ActiveRecord: 0.2ms)


Started POST "/charges" for 127.0.0.1 at 2014-02-22 13:30:19 -0800
Processing by ChargesController#create as HTML
  Parameters: {"utf8"=>"✓", "authenticity_token"=>"ReX9ZFbbHJntJnJlpFFU6XIaOZt1S+bLF9ZVU8AIKis=", "stripeToken"=>"tok_103Xt72qKxEo150rHmVd9HUt", "stripeEmail"=>"xyx@xyz.com"}
Completed 404 Not Found in 3993ms

ActiveRecord::RecordNotFound (Couldn't find User without an ID):
  app/controllers/charges_controller.rb:22:in `create'


  Rendered /home/mkvisakan/.rvm/gems/ruby-2.0.0-p353@railstutorial_rails_4_0/gems/actionpack-4.0.2/lib/action_dispatch/middleware/templates/rescues/_source.erb (0.8ms)
  Rendered /home/mkvisakan/.rvm/gems/ruby-2.0.0-p353@railstutorial_rails_4_0/gems/actionpack-4.0.2/lib/action_dispatch/middleware/templates/rescues/_trace.erb (1.0ms)
  Rendered /home/mkvisakan/.rvm/gems/ruby-2.0.0-p353@railstutorial_rails_4_0/gems/actionpack-4.0.2/lib/action_dispatch/middleware/templates/rescues/_request_and_response.erb (1.2ms)
  Rendered /home/mkvisakan/.rvm/gems/ruby-2.0.0-p353@railstutorial_rails_4_0/gems/actionpack-4.0.2/lib/action_dispatch/middleware/templates/rescues/diagnostics.erb within rescues/layout (22.6ms)


Started GET "/account/1" for 127.0.0.1 at 2014-02-22 13:31:41 -0800
Processing by AccountController#index as HTML
  Parameters: {"id"=>"1"}
  [1m[36mUser Load (0.3ms)[0m  [1mSELECT "users".* FROM "users" WHERE "users"."id" = ? LIMIT 1[0m  [["id", "1"]]
  Rendered account/index.html.erb within layouts/application (1.5ms)
Completed 200 OK in 16ms (Views: 10.9ms | ActiveRecord: 0.3ms)
  [1m[36mUser Load (1.0ms)[0m  [1mSELECT "users".* FROM "users"[0m


Started GET "/" for 127.0.0.1 at 2014-02-22 13:32:13 -0800
Processing by WelcomeController#index as HTML
  Rendered welcome/index.html.erb within layouts/application (2.1ms)
Completed 200 OK in 6ms (Views: 4.3ms | ActiveRecord: 0.0ms)


Started POST "/signin" for 127.0.0.1 at 2014-02-22 13:32:18 -0800
Processing by AccountController#signin as HTML
  Parameters: {"utf8"=>"✓", "authenticity_token"=>"zpmuCoyVh3L0ElBYyicy+F2K5HJDDlaiqP1rQsxevsQ=", "user"=>{"email"=>"test@test.com", "password"=>"[FILTERED]"}, "commit"=>"Sign In"}
  [1m[35mUser Load (0.5ms)[0m  SELECT "users".* FROM "users" WHERE "users"."email" = 'test@test.com' LIMIT 1
Redirected to http://localhost:3000/account/1
Completed 302 Found in 133ms (ActiveRecord: 1.2ms)


Started GET "/account/1" for 127.0.0.1 at 2014-02-22 13:32:18 -0800
Processing by AccountController#index as HTML
  Parameters: {"id"=>"1"}
  [1m[36mUser Load (0.3ms)[0m  [1mSELECT "users".* FROM "users" WHERE "users"."id" = ? LIMIT 1[0m  [["id", "1"]]
  Rendered account/index.html.erb within layouts/application (0.6ms)
Completed 200 OK in 8ms (Views: 2.3ms | ActiveRecord: 0.3ms)


Started POST "/charges" for 127.0.0.1 at 2014-02-22 13:32:46 -0800
Processing by ChargesController#create as HTML
  Parameters: {"utf8"=>"✓", "authenticity_token"=>"zpmuCoyVh3L0ElBYyicy+F2K5HJDDlaiqP1rQsxevsQ=", "stripeToken"=>"tok_103XtA2qKxEo150rpyWPp5xH", "stripeEmail"=>"xyx@xyz.com"}
  [1m[35mUser Load (0.2ms)[0m  SELECT "users".* FROM "users" WHERE "users"."id" = ? LIMIT 1  [["id", 1]]
  [1m[36m (0.1ms)[0m  [1mbegin transaction[0m
  [1m[35mSQL (0.5ms)[0m  UPDATE "users" SET "current_balance" = ?, "remember_token" = ?, "updated_at" = ? WHERE "users"."id" = 1  [["current_balance", 100], ["remember_token", "az-0Zd0EIjlybHueVxTzkA"], ["updated_at", Sat, 22 Feb 2014 21:32:48 UTC +00:00]]
  [1m[36m (15.8ms)[0m  [1mcommit transaction[0m
  Rendered charges/create.html.erb within layouts/charges (0.4ms)
Completed 200 OK in 2034ms (Views: 4.4ms | ActiveRecord: 16.6ms)


Started GET "/account/1" for 127.0.0.1 at 2014-02-22 13:32:56 -0800
Processing by AccountController#index as HTML
  Parameters: {"id"=>"1"}
  [1m[35mUser Load (0.4ms)[0m  SELECT "users".* FROM "users" WHERE "users"."id" = ? LIMIT 1  [["id", "1"]]
  Rendered account/index.html.erb within layouts/application (0.7ms)
Completed 200 OK in 13ms (Views: 6.3ms | ActiveRecord: 0.4ms)


Started POST "/charges" for 127.0.0.1 at 2014-02-22 13:33:27 -0800
Processing by ChargesController#create as HTML
  Parameters: {"utf8"=>"✓", "authenticity_token"=>"zpmuCoyVh3L0ElBYyicy+F2K5HJDDlaiqP1rQsxevsQ=", "stripeToken"=>"tok_103XtB2qKxEo150r4iH0xhNM", "stripeEmail"=>"xyx@xyz.com"}
  [1m[36mUser Load (0.2ms)[0m  [1mSELECT "users".* FROM "users" WHERE "users"."id" = ? LIMIT 1[0m  [["id", 1]]
  [1m[35m (0.1ms)[0m  begin transaction
  [1m[36mSQL (0.3ms)[0m  [1mUPDATE "users" SET "current_balance" = ?, "remember_token" = ?, "updated_at" = ? WHERE "users"."id" = 1[0m  [["current_balance", 200], ["remember_token", "Xfd7dKaJSnZ6svTzTEZWCg"], ["updated_at", Sat, 22 Feb 2014 21:33:30 UTC +00:00]]
  [1m[35m (26.8ms)[0m  commit transaction
  Rendered charges/create.html.erb within layouts/charges (0.1ms)
Completed 200 OK in 2802ms (Views: 1.6ms | ActiveRecord: 27.4ms)


Started GET "/account/1" for 127.0.0.1 at 2014-02-22 13:33:38 -0800
Processing by AccountController#index as HTML
  Parameters: {"id"=>"1"}
  [1m[36mUser Load (0.2ms)[0m  [1mSELECT "users".* FROM "users" WHERE "users"."id" = ? LIMIT 1[0m  [["id", "1"]]
  Rendered account/index.html.erb within layouts/application (0.7ms)
Completed 200 OK in 9ms (Views: 7.2ms | ActiveRecord: 0.2ms)


Started GET "/account/1" for 127.0.0.1 at 2014-02-22 13:34:18 -0800
Processing by AccountController#index as HTML
  Parameters: {"id"=>"1"}
  [1m[35mUser Load (0.2ms)[0m  SELECT "users".* FROM "users" WHERE "users"."id" = ? LIMIT 1  [["id", "1"]]
  Rendered account/index.html.erb within layouts/application (4.5ms)
Completed 200 OK in 11ms (Views: 9.1ms | ActiveRecord: 0.2ms)


Started POST "/sms" for 127.0.0.1 at 2014-02-22 13:34:31 -0800
Processing by ReceiveTextController#index as HTML
  Parameters: {"AccountSid"=>"AC15a225ec77a2891ead8403d67723d2d0", "MessageSid"=>"SMa9925af118810f64a420669d46e1d93f", "Body"=>"STOP:2146 BUS:2", "ToZip"=>"53711", "ToCity"=>"MADISON", "FromState"=>"WI", "ToState"=>"WI", "SmsSid"=>"SMa9925af118810f64a420669d46e1d93f", "To"=>"+16082162484", "ToCountry"=>"US", "FromCountry"=>"US", "SmsMessageSid"=>"SMa9925af118810f64a420669d46e1d93f", "ApiVersion"=>"2010-04-01", "FromCity"=>"MADISON", "SmsStatus"=>"received", "NumMedia"=>"0", "From"=>"+16085569379", "FromZip"=>"53706"}
  [1m[36mUser Load (0.3ms)[0m  [1mSELECT "users".* FROM "users" WHERE "users"."phone_no" = '6085569379' LIMIT 1[0m
  [1m[35m (0.1ms)[0m  begin transaction
  [1m[36mSQL (0.8ms)[0m  [1mUPDATE "users" SET "current_balance" = ?, "remember_token" = ?, "updated_at" = ? WHERE "users"."id" = 1[0m  [["current_balance", 190], ["remember_token", "v1vUt9ahZir_LreCCbgX_Q"], ["updated_at", Sat, 22 Feb 2014 21:34:32 UTC +00:00]]
  [1m[35m (20.6ms)[0m  commit transaction
  Rendered text template (0.1ms)
Completed 200 OK in 2296ms (Views: 6.2ms | ActiveRecord: 21.7ms)


Started GET "/account/1" for 127.0.0.1 at 2014-02-22 13:34:40 -0800
Processing by AccountController#index as HTML
  Parameters: {"id"=>"1"}
  [1m[36mUser Load (0.2ms)[0m  [1mSELECT "users".* FROM "users" WHERE "users"."id" = ? LIMIT 1[0m  [["id", "1"]]
  Rendered account/index.html.erb within layouts/application (1.6ms)
Completed 200 OK in 12ms (Views: 9.0ms | ActiveRecord: 0.2ms)


Started GET "/account/1" for 127.0.0.1 at 2014-02-22 13:34:59 -0800
Processing by AccountController#index as HTML
  Parameters: {"id"=>"1"}
  [1m[35mUser Load (0.2ms)[0m  SELECT "users".* FROM "users" WHERE "users"."id" = ? LIMIT 1  [["id", "1"]]
  Rendered account/index.html.erb within layouts/application (1.5ms)
Completed 200 OK in 7ms (Views: 4.1ms | ActiveRecord: 0.2ms)
